
  .   ____          _            __ _ _
 /\\ / ___'_ __ _ _(_)_ __  __ _ \ \ \ \
( ( )\___ | '_ | '_| | '_ \/ _` | \ \ \ \
 \\/  ___)| |_)| | | | | || (_| |  ) ) ) )
  '  |____| .__|_| |_|_| |_\__, | / / / /
 =========|_|==============|___/=/_/_/_/

 :: Spring Boot ::                (v3.3.5)

2026-04-01T19:05:53.731+05:30  INFO 11284 --- [sritha-oils-backend] [           main] c.s.backend.SrithaOilsApplication        : Starting SrithaOilsApplication v0.0.1-SNAPSHOT using Java 17.0.12 with PID 11284 (C:\Users\sreenadhy\Softwares\SOW\target\sritha-oils-backend-0.0.1-SNAPSHOT.jar started by sreenadhy in C:\Users\sreenadhy\Softwares\SOW)
2026-04-01T19:05:53.735+05:30  INFO 11284 --- [sritha-oils-backend] [           main] c.s.backend.SrithaOilsApplication        : No active profile set, falling back to 1 default profile: "default"
2026-04-01T19:05:55.080+05:30  INFO 11284 --- [sritha-oils-backend] [           main] .s.d.r.c.RepositoryConfigurationDelegate : Bootstrapping Spring Data JPA repositories in DEFAULT mode.
2026-04-01T19:05:55.200+05:30  INFO 11284 --- [sritha-oils-backend] [           main] .s.d.r.c.RepositoryConfigurationDelegate : Finished Spring Data repository scanning in 103 ms. Found 3 JPA repository interfaces.
2026-04-01T19:05:56.246+05:30  INFO 11284 --- [sritha-oils-backend] [           main] o.s.b.w.embedded.tomcat.TomcatWebServer  : Tomcat initialized with port 8080 (http)
2026-04-01T19:05:56.262+05:30  INFO 11284 --- [sritha-oils-backend] [           main] o.apache.catalina.core.StandardService   : Starting service [Tomcat]
2026-04-01T19:05:56.262+05:30  INFO 11284 --- [sritha-oils-backend] [           main] o.apache.catalina.core.StandardEngine    : Starting Servlet engine: [Apache Tomcat/10.1.31]
2026-04-01T19:05:56.332+05:30  INFO 11284 --- [sritha-oils-backend] [           main] o.a.c.c.C.[Tomcat].[localhost].[/]       : Initializing Spring embedded WebApplicationContext
2026-04-01T19:05:56.334+05:30  INFO 11284 --- [sritha-oils-backend] [           main] w.s.c.ServletWebServerApplicationContext : Root WebApplicationContext: initialization completed in 2513 ms
2026-04-01T19:05:56.396+05:30  INFO 11284 --- [sritha-oils-backend] [           main] com.zaxxer.hikari.HikariDataSource       : HikariPool-1 - Starting...
2026-04-01T19:05:56.828+05:30  INFO 11284 --- [sritha-oils-backend] [           main] com.zaxxer.hikari.pool.HikariPool        : HikariPool-1 - Added connection conn0: url=jdbc:h2:mem:srithaoilsdb user=SA
2026-04-01T19:05:56.831+05:30  INFO 11284 --- [sritha-oils-backend] [           main] com.zaxxer.hikari.HikariDataSource       : HikariPool-1 - Start completed.
2026-04-01T19:05:56.852+05:30  INFO 11284 --- [sritha-oils-backend] [           main] o.s.b.a.h2.H2ConsoleAutoConfiguration    : H2 console available at '/h2-console'. Database available at 'jdbc:h2:mem:srithaoilsdb'
2026-04-01T19:05:57.073+05:30  INFO 11284 --- [sritha-oils-backend] [           main] o.hibernate.jpa.internal.util.LogHelper  : HHH000204: Processing PersistenceUnitInfo [name: default]
2026-04-01T19:05:57.214+05:30  INFO 11284 --- [sritha-oils-backend] [           main] org.hibernate.Version                    : HHH000412: Hibernate ORM core version 6.5.3.Final
2026-04-01T19:05:57.293+05:30  INFO 11284 --- [sritha-oils-backend] [           main] o.h.c.internal.RegionFactoryInitiator    : HHH000026: Second-level cache disabled
2026-04-01T19:05:57.951+05:30  INFO 11284 --- [sritha-oils-backend] [           main] o.s.o.j.p.SpringPersistenceUnitInfo      : No LoadTimeWeaver setup: ignoring JPA class transformer
2026-04-01T19:05:59.242+05:30  INFO 11284 --- [sritha-oils-backend] [           main] o.h.e.t.j.p.i.JtaPlatformInitiator       : HHH000489: No JTA platform available (set 'hibernate.transaction.jta.platform' to enable JTA platform integration)
2026-04-01T19:05:59.317+05:30  INFO 11284 --- [sritha-oils-backend] [           main] j.LocalContainerEntityManagerFactoryBean : Initialized JPA EntityManagerFactory for persistence unit 'default'
2026-04-01T19:06:00.531+05:30  WARN 11284 --- [sritha-oils-backend] [           main] .s.s.UserDetailsServiceAutoConfiguration : 

Using generated security password: b445124b-0f8d-4bcd-a4f0-4fbff827342e

This generated password is for development use only. Your security configuration must be updated before running your application in production.

2026-04-01T19:06:00.575+05:30  INFO 11284 --- [sritha-oils-backend] [           main] r$InitializeUserDetailsManagerConfigurer : Global AuthenticationManager configured with UserDetailsService bean with name inMemoryUserDetailsManager
2026-04-01T19:06:01.453+05:30  WARN 11284 --- [sritha-oils-backend] [           main] ConfigServletWebServerApplicationContext : Exception encountered during context initialization - cancelling refresh attempt: org.springframework.context.ApplicationContextException: Failed to start bean 'webServerStartStop'
2026-04-01T19:06:01.456+05:30  INFO 11284 --- [sritha-oils-backend] [           main] j.LocalContainerEntityManagerFactoryBean : Closing JPA EntityManagerFactory for persistence unit 'default'
2026-04-01T19:06:01.462+05:30  INFO 11284 --- [sritha-oils-backend] [           main] com.zaxxer.hikari.HikariDataSource       : HikariPool-1 - Shutdown initiated...
2026-04-01T19:06:01.462+05:30  INFO 11284 --- [sritha-oils-backend] [           main] com.zaxxer.hikari.HikariDataSource       : HikariPool-1 - Shutdown completed.
2026-04-01T19:06:01.483+05:30  INFO 11284 --- [sritha-oils-backend] [           main] .s.b.a.l.ConditionEvaluationReportLogger : 

Error starting ApplicationContext. To display the condition evaluation report re-run your application with 'debug' enabled.
2026-04-01T19:06:01.511+05:30 ERROR 11284 --- [sritha-oils-backend] [           main] o.s.b.d.LoggingFailureAnalysisReporter   : 

***************************
APPLICATION FAILED TO START
***************************

Description:

Web server failed to start. Port 8080 was already in use.

Action:

Identify and stop the process that's listening on port 8080 or configure this application to listen on another port.

