
  .   ____          _            __ _ _
 /\\ / ___'_ __ _ _(_)_ __  __ _ \ \ \ \
( ( )\___ | '_ | '_| | '_ \/ _` | \ \ \ \
 \\/  ___)| |_)| | | | | || (_| |  ) ) ) )
  '  |____| .__|_| |_|_| |_\__, | / / / /
 =========|_|==============|___/=/_/_/_/

 :: Spring Boot ::                (v3.3.5)

2026-04-01T19:19:32.850+05:30  INFO 28040 --- [sritha-oils-backend] [           main] c.s.backend.SrithaOilsApplication        : Starting SrithaOilsApplication v0.0.1-SNAPSHOT using Java 17.0.12 with PID 28040 (C:\Users\sreenadhy\Softwares\SOW\target\sritha-oils-backend-0.0.1-SNAPSHOT.jar started by sreenadhy in C:\Users\sreenadhy\Softwares\SOW)
2026-04-01T19:19:32.856+05:30  INFO 28040 --- [sritha-oils-backend] [           main] c.s.backend.SrithaOilsApplication        : No active profile set, falling back to 1 default profile: "default"
2026-04-01T19:19:34.755+05:30  INFO 28040 --- [sritha-oils-backend] [           main] .s.d.r.c.RepositoryConfigurationDelegate : Bootstrapping Spring Data JPA repositories in DEFAULT mode.
2026-04-01T19:19:35.108+05:30  INFO 28040 --- [sritha-oils-backend] [           main] .s.d.r.c.RepositoryConfigurationDelegate : Finished Spring Data repository scanning in 284 ms. Found 3 JPA repository interfaces.
2026-04-01T19:19:37.801+05:30  INFO 28040 --- [sritha-oils-backend] [           main] o.s.b.w.embedded.tomcat.TomcatWebServer  : Tomcat initialized with port 8080 (http)
2026-04-01T19:19:37.865+05:30  INFO 28040 --- [sritha-oils-backend] [           main] o.apache.catalina.core.StandardService   : Starting service [Tomcat]
2026-04-01T19:19:37.868+05:30  INFO 28040 --- [sritha-oils-backend] [           main] o.apache.catalina.core.StandardEngine    : Starting Servlet engine: [Apache Tomcat/10.1.31]
2026-04-01T19:19:38.059+05:30  INFO 28040 --- [sritha-oils-backend] [           main] o.a.c.c.C.[Tomcat].[localhost].[/]       : Initializing Spring embedded WebApplicationContext
2026-04-01T19:19:38.062+05:30  INFO 28040 --- [sritha-oils-backend] [           main] w.s.c.ServletWebServerApplicationContext : Root WebApplicationContext: initialization completed in 5106 ms
2026-04-01T19:19:38.235+05:30  INFO 28040 --- [sritha-oils-backend] [           main] com.zaxxer.hikari.HikariDataSource       : HikariPool-1 - Starting...
2026-04-01T19:19:39.137+05:30  INFO 28040 --- [sritha-oils-backend] [           main] com.zaxxer.hikari.pool.HikariPool        : HikariPool-1 - Added connection conn0: url=jdbc:h2:mem:srithaoilsdb user=SA
2026-04-01T19:19:39.148+05:30  INFO 28040 --- [sritha-oils-backend] [           main] com.zaxxer.hikari.HikariDataSource       : HikariPool-1 - Start completed.
2026-04-01T19:19:39.191+05:30  INFO 28040 --- [sritha-oils-backend] [           main] o.s.b.a.h2.H2ConsoleAutoConfiguration    : H2 console available at '/h2-console'. Database available at 'jdbc:h2:mem:srithaoilsdb'
2026-04-01T19:19:39.644+05:30  INFO 28040 --- [sritha-oils-backend] [           main] o.hibernate.jpa.internal.util.LogHelper  : HHH000204: Processing PersistenceUnitInfo [name: default]
2026-04-01T19:19:39.887+05:30  INFO 28040 --- [sritha-oils-backend] [           main] org.hibernate.Version                    : HHH000412: Hibernate ORM core version 6.5.3.Final
2026-04-01T19:19:40.020+05:30  INFO 28040 --- [sritha-oils-backend] [           main] o.h.c.internal.RegionFactoryInitiator    : HHH000026: Second-level cache disabled
2026-04-01T19:19:41.247+05:30  INFO 28040 --- [sritha-oils-backend] [           main] o.s.o.j.p.SpringPersistenceUnitInfo      : No LoadTimeWeaver setup: ignoring JPA class transformer
2026-04-01T19:19:45.026+05:30  INFO 28040 --- [sritha-oils-backend] [           main] o.h.e.t.j.p.i.JtaPlatformInitiator       : HHH000489: No JTA platform available (set 'hibernate.transaction.jta.platform' to enable JTA platform integration)
2026-04-01T19:19:45.242+05:30  INFO 28040 --- [sritha-oils-backend] [           main] j.LocalContainerEntityManagerFactoryBean : Initialized JPA EntityManagerFactory for persistence unit 'default'
2026-04-01T19:19:47.412+05:30  WARN 28040 --- [sritha-oils-backend] [           main] .s.s.UserDetailsServiceAutoConfiguration : 

Using generated security password: f8b56e9f-10ae-46b3-a6d2-45614b40d2be

This generated password is for development use only. Your security configuration must be updated before running your application in production.

2026-04-01T19:19:47.493+05:30  INFO 28040 --- [sritha-oils-backend] [           main] r$InitializeUserDetailsManagerConfigurer : Global AuthenticationManager configured with UserDetailsService bean with name inMemoryUserDetailsManager
2026-04-01T19:19:49.207+05:30  INFO 28040 --- [sritha-oils-backend] [           main] o.s.b.w.embedded.tomcat.TomcatWebServer  : Tomcat started on port 8080 (http) with context path '/'
2026-04-01T19:19:49.271+05:30  INFO 28040 --- [sritha-oils-backend] [           main] c.s.backend.SrithaOilsApplication        : Started SrithaOilsApplication in 17.288 seconds (process running for 18.067)
2026-04-01T19:19:50.096+05:30  INFO 28040 --- [sritha-oils-backend] [nio-8080-exec-1] o.a.c.c.C.[Tomcat].[localhost].[/]       : Initializing Spring DispatcherServlet 'dispatcherServlet'
2026-04-01T19:19:50.096+05:30  INFO 28040 --- [sritha-oils-backend] [nio-8080-exec-1] o.s.web.servlet.DispatcherServlet        : Initializing Servlet 'dispatcherServlet'
2026-04-01T19:19:50.100+05:30  INFO 28040 --- [sritha-oils-backend] [nio-8080-exec-1] o.s.web.servlet.DispatcherServlet        : Completed initialization in 3 ms
2026-04-01T21:46:33.433+05:30  WARN 28040 --- [sritha-oils-backend] [l-1 housekeeper] com.zaxxer.hikari.pool.HikariPool        : HikariPool-1 - Thread starvation or clock leap detected (housekeeper delta=2h10m4s347ms292µs).
2026-04-01T22:01:59.263+05:30  WARN 28040 --- [sritha-oils-backend] [nio-8080-exec-8] o.h.engine.jdbc.spi.SqlExceptionHelper   : SQL Error: 42104, SQLState: 42S04
2026-04-01T22:01:59.271+05:30 ERROR 28040 --- [sritha-oils-backend] [nio-8080-exec-8] o.h.engine.jdbc.spi.SqlExceptionHelper   : Table "PRODUCTS" not found (this database is empty); SQL statement:
select p1_0.id,p1_0.available_stock,p1_0.description,p1_0.name,p1_0.price,p1_0.unit from products p1_0 order by p1_0.id [42104-224]
2026-04-01T22:13:20.409+05:30  WARN 28040 --- [sritha-oils-backend] [nio-8080-exec-1] o.h.engine.jdbc.spi.SqlExceptionHelper   : SQL Error: 42104, SQLState: 42S04
2026-04-01T22:13:20.409+05:30 ERROR 28040 --- [sritha-oils-backend] [nio-8080-exec-1] o.h.engine.jdbc.spi.SqlExceptionHelper   : Table "PRODUCTS" not found (this database is empty); SQL statement:
select p1_0.id,p1_0.available_stock,p1_0.description,p1_0.name,p1_0.price,p1_0.unit from products p1_0 order by p1_0.id [42104-224]
2026-04-01T22:25:03.255+05:30  WARN 28040 --- [sritha-oils-backend] [l-1 housekeeper] com.zaxxer.hikari.pool.HikariPool        : HikariPool-1 - Thread starvation or clock leap detected (housekeeper delta=1m38s448ms831µs900ns).
