
  .   ____          _            __ _ _
 /\\ / ___'_ __ _ _(_)_ __  __ _ \ \ \ \
( ( )\___ | '_ | '_| | '_ \/ _` | \ \ \ \
 \\/  ___)| |_)| | | | | || (_| |  ) ) ) )
  '  |____| .__|_| |_|_| |_\__, | / / / /
 =========|_|==============|___/=/_/_/_/

 :: Spring Boot ::                (v3.3.5)

2026-04-01T19:09:59.683+05:30  INFO 3280 --- [sritha-oils-backend] [           main] c.s.backend.SrithaOilsApplication        : Starting SrithaOilsApplication v0.0.1-SNAPSHOT using Java 17.0.12 with PID 3280 (C:\Users\sreenadhy\Softwares\SOW\target\sritha-oils-backend-0.0.1-SNAPSHOT.jar started by sreenadhy in C:\Users\sreenadhy\Softwares\SOW)
2026-04-01T19:09:59.688+05:30  INFO 3280 --- [sritha-oils-backend] [           main] c.s.backend.SrithaOilsApplication        : No active profile set, falling back to 1 default profile: "default"
2026-04-01T19:10:01.341+05:30  INFO 3280 --- [sritha-oils-backend] [           main] .s.d.r.c.RepositoryConfigurationDelegate : Bootstrapping Spring Data JPA repositories in DEFAULT mode.
2026-04-01T19:10:01.461+05:30  INFO 3280 --- [sritha-oils-backend] [           main] .s.d.r.c.RepositoryConfigurationDelegate : Finished Spring Data repository scanning in 93 ms. Found 3 JPA repository interfaces.
2026-04-01T19:10:02.614+05:30  INFO 3280 --- [sritha-oils-backend] [           main] o.s.b.w.embedded.tomcat.TomcatWebServer  : Tomcat initialized with port 8081 (http)
2026-04-01T19:10:02.638+05:30  INFO 3280 --- [sritha-oils-backend] [           main] o.apache.catalina.core.StandardService   : Starting service [Tomcat]
2026-04-01T19:10:02.638+05:30  INFO 3280 --- [sritha-oils-backend] [           main] o.apache.catalina.core.StandardEngine    : Starting Servlet engine: [Apache Tomcat/10.1.31]
2026-04-01T19:10:02.710+05:30  INFO 3280 --- [sritha-oils-backend] [           main] o.a.c.c.C.[Tomcat].[localhost].[/]       : Initializing Spring embedded WebApplicationContext
2026-04-01T19:10:02.713+05:30  INFO 3280 --- [sritha-oils-backend] [           main] w.s.c.ServletWebServerApplicationContext : Root WebApplicationContext: initialization completed in 2930 ms
2026-04-01T19:10:02.780+05:30  INFO 3280 --- [sritha-oils-backend] [           main] com.zaxxer.hikari.HikariDataSource       : HikariPool-1 - Starting...
2026-04-01T19:10:03.137+05:30  INFO 3280 --- [sritha-oils-backend] [           main] com.zaxxer.hikari.pool.HikariPool        : HikariPool-1 - Added connection conn0: url=jdbc:h2:mem:srithaoilsdb user=SA
2026-04-01T19:10:03.144+05:30  INFO 3280 --- [sritha-oils-backend] [           main] com.zaxxer.hikari.HikariDataSource       : HikariPool-1 - Start completed.
2026-04-01T19:10:03.160+05:30  INFO 3280 --- [sritha-oils-backend] [           main] o.s.b.a.h2.H2ConsoleAutoConfiguration    : H2 console available at '/h2-console'. Database available at 'jdbc:h2:mem:srithaoilsdb'
2026-04-01T19:10:03.367+05:30  INFO 3280 --- [sritha-oils-backend] [           main] o.hibernate.jpa.internal.util.LogHelper  : HHH000204: Processing PersistenceUnitInfo [name: default]
2026-04-01T19:10:03.477+05:30  INFO 3280 --- [sritha-oils-backend] [           main] org.hibernate.Version                    : HHH000412: Hibernate ORM core version 6.5.3.Final
2026-04-01T19:10:03.553+05:30  INFO 3280 --- [sritha-oils-backend] [           main] o.h.c.internal.RegionFactoryInitiator    : HHH000026: Second-level cache disabled
2026-04-01T19:10:04.013+05:30  INFO 3280 --- [sritha-oils-backend] [           main] o.s.o.j.p.SpringPersistenceUnitInfo      : No LoadTimeWeaver setup: ignoring JPA class transformer
2026-04-01T19:10:05.135+05:30  INFO 3280 --- [sritha-oils-backend] [           main] o.h.e.t.j.p.i.JtaPlatformInitiator       : HHH000489: No JTA platform available (set 'hibernate.transaction.jta.platform' to enable JTA platform integration)
2026-04-01T19:10:05.191+05:30  INFO 3280 --- [sritha-oils-backend] [           main] j.LocalContainerEntityManagerFactoryBean : Initialized JPA EntityManagerFactory for persistence unit 'default'
2026-04-01T19:10:05.997+05:30  WARN 3280 --- [sritha-oils-backend] [           main] .s.s.UserDetailsServiceAutoConfiguration : 

Using generated security password: bac67d4c-608f-4b6c-8b18-a4624c7924e7

This generated password is for development use only. Your security configuration must be updated before running your application in production.

2026-04-01T19:10:06.035+05:30  INFO 3280 --- [sritha-oils-backend] [           main] r$InitializeUserDetailsManagerConfigurer : Global AuthenticationManager configured with UserDetailsService bean with name inMemoryUserDetailsManager
2026-04-01T19:10:06.728+05:30  INFO 3280 --- [sritha-oils-backend] [           main] o.s.b.w.embedded.tomcat.TomcatWebServer  : Tomcat started on port 8081 (http) with context path '/'
2026-04-01T19:10:06.752+05:30  INFO 3280 --- [sritha-oils-backend] [           main] c.s.backend.SrithaOilsApplication        : Started SrithaOilsApplication in 7.852 seconds (process running for 8.673)
2026-04-01T19:10:07.250+05:30  INFO 3280 --- [sritha-oils-backend] [nio-8081-exec-1] o.a.c.c.C.[Tomcat].[localhost].[/]       : Initializing Spring DispatcherServlet 'dispatcherServlet'
2026-04-01T19:10:07.250+05:30  INFO 3280 --- [sritha-oils-backend] [nio-8081-exec-1] o.s.web.servlet.DispatcherServlet        : Initializing Servlet 'dispatcherServlet'
2026-04-01T19:10:07.250+05:30  INFO 3280 --- [sritha-oils-backend] [nio-8081-exec-1] o.s.web.servlet.DispatcherServlet        : Completed initialization in 0 ms
2026-04-01T19:14:17.321+05:30  WARN 3280 --- [sritha-oils-backend] [l-1 housekeeper] com.zaxxer.hikari.pool.HikariPool        : HikariPool-1 - Thread starvation or clock leap detected (housekeeper delta=1m14s27ms278µs900ns).
