[INFO] Scanning for projects...
[INFO] 
[INFO] -----------------< com.srithaoils:sritha-oils-backend >-----------------
[INFO] Building Sritha Oils Backend 0.0.1-SNAPSHOT
[INFO]   from pom.xml
[INFO] --------------------------------[ jar ]---------------------------------
[INFO] 
[INFO] >>> spring-boot:3.3.5:run (default-cli) > test-compile @ sritha-oils-backend >>>
[INFO] 
[INFO] --- resources:3.3.1:resources (default-resources) @ sritha-oils-backend ---
[INFO] Copying 1 resource from src\main\resources to target\classes
[INFO] Copying 1 resource from src\main\resources to target\classes
[INFO] 
[INFO] --- compiler:3.13.0:compile (default-compile) @ sritha-oils-backend ---
[INFO] Nothing to compile - all classes are up to date.
[INFO] 
[INFO] --- resources:3.3.1:testResources (default-testResources) @ sritha-oils-backend ---
[INFO] skip non existing resourceDirectory D:\Sritha Oils\src\test\resources
[INFO] 
[INFO] --- compiler:3.13.0:testCompile (default-testCompile) @ sritha-oils-backend ---
[INFO] No sources to compile
[INFO] 
[INFO] <<< spring-boot:3.3.5:run (default-cli) < test-compile @ sritha-oils-backend <<<
[INFO] 
[INFO] 
[INFO] --- spring-boot:3.3.5:run (default-cli) @ sritha-oils-backend ---
[INFO] Attaching agents: []

  .   ____          _            __ _ _
 /\\ / ___'_ __ _ _(_)_ __  __ _ \ \ \ \
( ( )\___ | '_ | '_| | '_ \/ _` | \ \ \ \
 \\/  ___)| |_)| | | | | || (_| |  ) ) ) )
  '  |____| .__|_| |_|_| |_\__, | / / / /
 =========|_|==============|___/=/_/_/_/

 :: Spring Boot ::                (v3.3.5)

2026-04-04T14:10:37.567+05:30  INFO 6368 --- [sritha-oils-backend] [           main] c.s.backend.SrithaOilsApplication        : Starting SrithaOilsApplication using Java 17.0.12 with PID 6368 (D:\Sritha Oils\target\classes started by Admin in D:\Sritha Oils)
2026-04-04T14:10:37.574+05:30  INFO 6368 --- [sritha-oils-backend] [           main] c.s.backend.SrithaOilsApplication        : No active profile set, falling back to 1 default profile: "default"
2026-04-04T14:10:39.658+05:30  INFO 6368 --- [sritha-oils-backend] [           main] .s.d.r.c.RepositoryConfigurationDelegate : Bootstrapping Spring Data JPA repositories in DEFAULT mode.
2026-04-04T14:10:39.860+05:30  INFO 6368 --- [sritha-oils-backend] [           main] .s.d.r.c.RepositoryConfigurationDelegate : Finished Spring Data repository scanning in 186 ms. Found 6 JPA repository interfaces.
2026-04-04T14:10:41.886+05:30  INFO 6368 --- [sritha-oils-backend] [           main] o.s.b.w.embedded.tomcat.TomcatWebServer  : Tomcat initialized with port 8080 (http)
2026-04-04T14:10:41.930+05:30  INFO 6368 --- [sritha-oils-backend] [           main] o.apache.catalina.core.StandardService   : Starting service [Tomcat]
2026-04-04T14:10:41.931+05:30  INFO 6368 --- [sritha-oils-backend] [           main] o.apache.catalina.core.StandardEngine    : Starting Servlet engine: [Apache Tomcat/10.1.31]
2026-04-04T14:10:42.144+05:30  INFO 6368 --- [sritha-oils-backend] [           main] o.a.c.c.C.[Tomcat].[localhost].[/]       : Initializing Spring embedded WebApplicationContext
2026-04-04T14:10:42.146+05:30  INFO 6368 --- [sritha-oils-backend] [           main] w.s.c.ServletWebServerApplicationContext : Root WebApplicationContext: initialization completed in 4419 ms
2026-04-04T14:10:42.425+05:30  INFO 6368 --- [sritha-oils-backend] [           main] o.hibernate.jpa.internal.util.LogHelper  : HHH000204: Processing PersistenceUnitInfo [name: default]
2026-04-04T14:10:42.615+05:30  INFO 6368 --- [sritha-oils-backend] [           main] org.hibernate.Version                    : HHH000412: Hibernate ORM core version 6.5.3.Final
2026-04-04T14:10:42.688+05:30  INFO 6368 --- [sritha-oils-backend] [           main] o.h.c.internal.RegionFactoryInitiator    : HHH000026: Second-level cache disabled
2026-04-04T14:10:43.256+05:30  INFO 6368 --- [sritha-oils-backend] [           main] o.s.o.j.p.SpringPersistenceUnitInfo      : No LoadTimeWeaver setup: ignoring JPA class transformer
2026-04-04T14:10:43.363+05:30  INFO 6368 --- [sritha-oils-backend] [           main] com.zaxxer.hikari.HikariDataSource       : HikariPool-1 - Starting...
2026-04-04T14:10:43.844+05:30  INFO 6368 --- [sritha-oils-backend] [           main] com.zaxxer.hikari.pool.HikariPool        : HikariPool-1 - Added connection org.postgresql.jdbc.PgConnection@64dfb31d
2026-04-04T14:10:43.847+05:30  INFO 6368 --- [sritha-oils-backend] [           main] com.zaxxer.hikari.HikariDataSource       : HikariPool-1 - Start completed.
2026-04-04T14:10:43.999+05:30  WARN 6368 --- [sritha-oils-backend] [           main] org.hibernate.orm.deprecation            : HHH90000025: PostgreSQLDialect does not need to be specified explicitly using 'hibernate.dialect' (remove the property setting and it will be selected by default)
2026-04-04T14:10:46.008+05:30  INFO 6368 --- [sritha-oils-backend] [           main] o.h.e.t.j.p.i.JtaPlatformInitiator       : HHH000489: No JTA platform available (set 'hibernate.transaction.jta.platform' to enable JTA platform integration)
2026-04-04T14:10:46.553+05:30  INFO 6368 --- [sritha-oils-backend] [           main] j.LocalContainerEntityManagerFactoryBean : Initialized JPA EntityManagerFactory for persistence unit 'default'
2026-04-04T14:10:48.571+05:30  WARN 6368 --- [sritha-oils-backend] [           main] .s.s.UserDetailsServiceAutoConfiguration : 

Using generated security password: 80c06ac3-b341-4b73-8dd0-b10de2c8d513

This generated password is for development use only. Your security configuration must be updated before running your application in production.

2026-04-04T14:10:48.724+05:30  INFO 6368 --- [sritha-oils-backend] [           main] r$InitializeUserDetailsManagerConfigurer : Global AuthenticationManager configured with UserDetailsService bean with name inMemoryUserDetailsManager
2026-04-04T14:10:51.071+05:30  INFO 6368 --- [sritha-oils-backend] [           main] o.s.b.w.embedded.tomcat.TomcatWebServer  : Tomcat started on port 8080 (http) with context path '/'
2026-04-04T14:10:51.092+05:30  INFO 6368 --- [sritha-oils-backend] [           main] c.s.backend.SrithaOilsApplication        : Started SrithaOilsApplication in 14.727 seconds (process running for 15.828)
Hibernate: select count(*) from products p1_0
Hibernate: insert into products (available_stock,created_at,description,image_url,name,price,unit) values (?,?,?,?,?,?,?) returning id
Hibernate: insert into products (available_stock,created_at,description,image_url,name,price,unit) values (?,?,?,?,?,?,?) returning id
Hibernate: insert into products (available_stock,created_at,description,image_url,name,price,unit) values (?,?,?,?,?,?,?) returning id
Hibernate: insert into products (available_stock,created_at,description,image_url,name,price,unit) values (?,?,?,?,?,?,?) returning id
Hibernate: insert into products (available_stock,created_at,description,image_url,name,price,unit) values (?,?,?,?,?,?,?) returning id
2026-04-04T14:11:06.712+05:30  INFO 6368 --- [sritha-oils-backend] [0.0-8080-exec-1] o.a.c.c.C.[Tomcat].[localhost].[/]       : Initializing Spring DispatcherServlet 'dispatcherServlet'
2026-04-04T14:11:06.713+05:30  INFO 6368 --- [sritha-oils-backend] [0.0-8080-exec-1] o.s.web.servlet.DispatcherServlet        : Initializing Servlet 'dispatcherServlet'
2026-04-04T14:11:06.718+05:30  INFO 6368 --- [sritha-oils-backend] [0.0-8080-exec-1] o.s.web.servlet.DispatcherServlet        : Completed initialization in 3 ms
Hibernate: select p1_0.id,p1_0.available_stock,p1_0.created_at,p1_0.description,p1_0.image_url,p1_0.name,p1_0.price,p1_0.unit from products p1_0 order by p1_0.id
Hibernate: select p1_0.id,p1_0.available_stock,p1_0.created_at,p1_0.description,p1_0.image_url,p1_0.name,p1_0.price,p1_0.unit from products p1_0 order by p1_0.id
Hibernate: select p1_0.id,p1_0.available_stock,p1_0.created_at,p1_0.description,p1_0.image_url,p1_0.name,p1_0.price,p1_0.unit from products p1_0 order by p1_0.id
Hibernate: select p1_0.id,p1_0.available_stock,p1_0.created_at,p1_0.description,p1_0.image_url,p1_0.name,p1_0.price,p1_0.unit from products p1_0 order by p1_0.id
Hibernate: select p1_0.id,p1_0.available_stock,p1_0.created_at,p1_0.description,p1_0.image_url,p1_0.name,p1_0.price,p1_0.unit from products p1_0 order by p1_0.id
Hibernate: select p1_0.id,p1_0.available_stock,p1_0.created_at,p1_0.description,p1_0.image_url,p1_0.name,p1_0.price,p1_0.unit from products p1_0 order by p1_0.id
Hibernate: select p1_0.id,p1_0.available_stock,p1_0.created_at,p1_0.description,p1_0.image_url,p1_0.name,p1_0.price,p1_0.unit from products p1_0 order by p1_0.id
Hibernate: select p1_0.id,p1_0.available_stock,p1_0.created_at,p1_0.description,p1_0.image_url,p1_0.name,p1_0.price,p1_0.unit from products p1_0 order by p1_0.id
Hibernate: select p1_0.id,p1_0.available_stock,p1_0.created_at,p1_0.description,p1_0.image_url,p1_0.name,p1_0.price,p1_0.unit from products p1_0 order by p1_0.id
Hibernate: select p1_0.id,p1_0.available_stock,p1_0.created_at,p1_0.description,p1_0.image_url,p1_0.name,p1_0.price,p1_0.unit from products p1_0 order by p1_0.id
Hibernate: select p1_0.id,p1_0.available_stock,p1_0.created_at,p1_0.description,p1_0.image_url,p1_0.name,p1_0.price,p1_0.unit from products p1_0 order by p1_0.id
Hibernate: select p1_0.id,p1_0.available_stock,p1_0.created_at,p1_0.description,p1_0.image_url,p1_0.name,p1_0.price,p1_0.unit from products p1_0 order by p1_0.id
Hibernate: select p1_0.id,p1_0.available_stock,p1_0.created_at,p1_0.description,p1_0.image_url,p1_0.name,p1_0.price,p1_0.unit from products p1_0 order by p1_0.id
Hibernate: select u1_0.id,u1_0.created_at,u1_0.email,u1_0.last_verified_at,u1_0.name,u1_0.primary_phone_number,u1_0.role,u1_0.secondary_phone_number from users u1_0 where u1_0.primary_phone_number=?
Hibernate: select p1_0.id,p1_0.available_stock,p1_0.created_at,p1_0.description,p1_0.image_url,p1_0.name,p1_0.price,p1_0.unit from products p1_0 order by p1_0.id
Hibernate: select p1_0.id,p1_0.available_stock,p1_0.created_at,p1_0.description,p1_0.image_url,p1_0.name,p1_0.price,p1_0.unit from products p1_0 order by p1_0.id
Hibernate: select p1_0.id,p1_0.available_stock,p1_0.created_at,p1_0.description,p1_0.image_url,p1_0.name,p1_0.price,p1_0.unit from products p1_0 order by p1_0.id
Hibernate: select p1_0.id,p1_0.available_stock,p1_0.created_at,p1_0.description,p1_0.image_url,p1_0.name,p1_0.price,p1_0.unit from products p1_0 order by p1_0.id
Hibernate: select p1_0.id,p1_0.available_stock,p1_0.created_at,p1_0.description,p1_0.image_url,p1_0.name,p1_0.price,p1_0.unit from products p1_0 order by p1_0.id
Hibernate: select p1_0.id,p1_0.available_stock,p1_0.created_at,p1_0.description,p1_0.image_url,p1_0.name,p1_0.price,p1_0.unit from products p1_0 order by p1_0.id
Hibernate: select p1_0.id,p1_0.available_stock,p1_0.created_at,p1_0.description,p1_0.image_url,p1_0.name,p1_0.price,p1_0.unit from products p1_0 order by p1_0.id
Hibernate: select p1_0.id,p1_0.available_stock,p1_0.created_at,p1_0.description,p1_0.image_url,p1_0.name,p1_0.price,p1_0.unit from products p1_0 order by p1_0.id
Hibernate: select p1_0.id,p1_0.available_stock,p1_0.created_at,p1_0.description,p1_0.image_url,p1_0.name,p1_0.price,p1_0.unit from products p1_0 order by p1_0.id
Hibernate: select p1_0.id,p1_0.available_stock,p1_0.created_at,p1_0.description,p1_0.image_url,p1_0.name,p1_0.price,p1_0.unit from products p1_0 order by p1_0.id
Hibernate: select p1_0.id,p1_0.available_stock,p1_0.created_at,p1_0.description,p1_0.image_url,p1_0.name,p1_0.price,p1_0.unit from products p1_0 order by p1_0.id
Hibernate: select p1_0.id,p1_0.available_stock,p1_0.created_at,p1_0.description,p1_0.image_url,p1_0.name,p1_0.price,p1_0.unit from products p1_0 order by p1_0.id
Hibernate: select u1_0.id,u1_0.created_at,u1_0.email,u1_0.last_verified_at,u1_0.name,u1_0.primary_phone_number,u1_0.role,u1_0.secondary_phone_number from users u1_0 where u1_0.primary_phone_number=?
Hibernate: select u1_0.id from users u1_0 where u1_0.primary_phone_number=? fetch first ? rows only
Hibernate: insert into users (created_at,email,last_verified_at,name,primary_phone_number,role,secondary_phone_number) values (?,?,?,?,?,?,?) returning id
Hibernate: select u1_0.id,u1_0.created_at,u1_0.email,u1_0.last_verified_at,u1_0.name,u1_0.primary_phone_number,u1_0.role,u1_0.secondary_phone_number from users u1_0 where u1_0.primary_phone_number=?
Hibernate: select u1_0.id,u1_0.created_at,u1_0.email,u1_0.last_verified_at,u1_0.name,u1_0.primary_phone_number,u1_0.role,u1_0.secondary_phone_number from users u1_0 where u1_0.primary_phone_number=?
Hibernate: select u1_0.id,u1_0.created_at,u1_0.email,u1_0.last_verified_at,u1_0.name,u1_0.primary_phone_number,u1_0.role,u1_0.secondary_phone_number from users u1_0 where u1_0.primary_phone_number=?
Hibernate: select u1_0.id,u1_0.created_at,u1_0.email,u1_0.last_verified_at,u1_0.name,u1_0.primary_phone_number,u1_0.role,u1_0.secondary_phone_number from users u1_0 where u1_0.primary_phone_number=?
Hibernate: select u1_0.id,u1_0.created_at,u1_0.email,u1_0.last_verified_at,u1_0.name,u1_0.primary_phone_number,u1_0.role,u1_0.secondary_phone_number from users u1_0 where u1_0.primary_phone_number=?
Hibernate: select u1_0.id,u1_0.created_at,u1_0.email,u1_0.last_verified_at,u1_0.name,u1_0.primary_phone_number,u1_0.role,u1_0.secondary_phone_number from users u1_0 where u1_0.primary_phone_number=?
Hibernate: select a1_0.id,a1_0.city,a1_0.created_at,a1_0.full_address,a1_0.is_default,a1_0.pincode,a1_0.state,a1_0.user_id from addresses a1_0 where a1_0.user_id=? order by a1_0.is_default desc,a1_0.created_at desc
Hibernate: select a1_0.id,a1_0.city,a1_0.created_at,a1_0.full_address,a1_0.is_default,a1_0.pincode,a1_0.state,a1_0.user_id from addresses a1_0 where a1_0.user_id=? order by a1_0.is_default desc,a1_0.created_at desc
Hibernate: select o1_0.id,o1_0.address_id,o1_0.created_at,o1_0.order_number,o1_0.order_status,o1_0.shipping_fee,o1_0.subtotal,o1_0.total_amount,o1_0.user_id from orders o1_0 where o1_0.user_id=? order by o1_0.created_at desc
Hibernate: select u1_0.id,u1_0.created_at,u1_0.email,u1_0.last_verified_at,u1_0.name,u1_0.primary_phone_number,u1_0.role,u1_0.secondary_phone_number from users u1_0 where u1_0.primary_phone_number=?
Hibernate: select p1_0.id,p1_0.available_stock,p1_0.created_at,p1_0.description,p1_0.image_url,p1_0.name,p1_0.price,p1_0.unit from products p1_0 order by p1_0.id
Hibernate: select p1_0.id,p1_0.available_stock,p1_0.created_at,p1_0.description,p1_0.image_url,p1_0.name,p1_0.price,p1_0.unit from products p1_0 order by p1_0.id
Hibernate: select u1_0.id,u1_0.created_at,u1_0.email,u1_0.last_verified_at,u1_0.name,u1_0.primary_phone_number,u1_0.role,u1_0.secondary_phone_number from users u1_0 where u1_0.primary_phone_number=?
Hibernate: select u1_0.id,u1_0.created_at,u1_0.email,u1_0.last_verified_at,u1_0.name,u1_0.primary_phone_number,u1_0.role,u1_0.secondary_phone_number from users u1_0 where u1_0.primary_phone_number=?
Hibernate: select u1_0.id,u1_0.created_at,u1_0.email,u1_0.last_verified_at,u1_0.name,u1_0.primary_phone_number,u1_0.role,u1_0.secondary_phone_number from users u1_0 where u1_0.primary_phone_number=?
Hibernate: select p1_0.id,p1_0.available_stock,p1_0.created_at,p1_0.description,p1_0.image_url,p1_0.name,p1_0.price,p1_0.unit from products p1_0 order by p1_0.id
Hibernate: select u1_0.id,u1_0.created_at,u1_0.email,u1_0.last_verified_at,u1_0.name,u1_0.primary_phone_number,u1_0.role,u1_0.secondary_phone_number from users u1_0 where u1_0.primary_phone_number=?
Hibernate: select u1_0.id,u1_0.created_at,u1_0.email,u1_0.last_verified_at,u1_0.name,u1_0.primary_phone_number,u1_0.role,u1_0.secondary_phone_number from users u1_0 where u1_0.primary_phone_number=?
Hibernate: select u1_0.id,u1_0.created_at,u1_0.email,u1_0.last_verified_at,u1_0.name,u1_0.primary_phone_number,u1_0.role,u1_0.secondary_phone_number from users u1_0 where u1_0.primary_phone_number=?
Hibernate: select a1_0.id,a1_0.city,a1_0.created_at,a1_0.full_address,a1_0.is_default,a1_0.pincode,a1_0.state,a1_0.user_id from addresses a1_0 where a1_0.user_id=? order by a1_0.is_default desc,a1_0.created_at desc
Hibernate: select o1_0.id,o1_0.address_id,o1_0.created_at,o1_0.order_number,o1_0.order_status,o1_0.shipping_fee,o1_0.subtotal,o1_0.total_amount,o1_0.user_id from orders o1_0 where o1_0.user_id=? order by o1_0.created_at desc
Hibernate: select a1_0.id,a1_0.city,a1_0.created_at,a1_0.full_address,a1_0.is_default,a1_0.pincode,a1_0.state,a1_0.user_id from addresses a1_0 where a1_0.user_id=? order by a1_0.is_default desc,a1_0.created_at desc
Hibernate: select u1_0.id,u1_0.created_at,u1_0.email,u1_0.last_verified_at,u1_0.name,u1_0.primary_phone_number,u1_0.role,u1_0.secondary_phone_number from users u1_0 where u1_0.primary_phone_number=?
Hibernate: select u1_0.id,u1_0.created_at,u1_0.email,u1_0.last_verified_at,u1_0.name,u1_0.primary_phone_number,u1_0.role,u1_0.secondary_phone_number from users u1_0 where u1_0.primary_phone_number=?
Hibernate: select u1_0.id,u1_0.created_at,u1_0.email,u1_0.last_verified_at,u1_0.name,u1_0.primary_phone_number,u1_0.role,u1_0.secondary_phone_number from users u1_0 where u1_0.primary_phone_number=?
Hibernate: select u1_0.id,u1_0.created_at,u1_0.email,u1_0.last_verified_at,u1_0.name,u1_0.primary_phone_number,u1_0.role,u1_0.secondary_phone_number from users u1_0 where u1_0.primary_phone_number=?
Hibernate: select u1_0.id,u1_0.created_at,u1_0.email,u1_0.last_verified_at,u1_0.name,u1_0.primary_phone_number,u1_0.role,u1_0.secondary_phone_number from users u1_0 where u1_0.primary_phone_number=?
Hibernate: select a1_0.id,a1_0.city,a1_0.created_at,a1_0.full_address,a1_0.is_default,a1_0.pincode,a1_0.state,a1_0.user_id from addresses a1_0 where a1_0.user_id=? order by a1_0.is_default desc,a1_0.created_at desc
Hibernate: select a1_0.id,a1_0.city,a1_0.created_at,a1_0.full_address,a1_0.is_default,a1_0.pincode,a1_0.state,a1_0.user_id from addresses a1_0 where a1_0.user_id=? order by a1_0.is_default desc,a1_0.created_at desc
Hibernate: select u1_0.id,u1_0.created_at,u1_0.email,u1_0.last_verified_at,u1_0.name,u1_0.primary_phone_number,u1_0.role,u1_0.secondary_phone_number from users u1_0 where u1_0.primary_phone_number=?
Hibernate: select o1_0.id,o1_0.address_id,o1_0.created_at,o1_0.order_number,o1_0.order_status,o1_0.shipping_fee,o1_0.subtotal,o1_0.total_amount,o1_0.user_id from orders o1_0 where o1_0.user_id=? order by o1_0.created_at desc
Hibernate: select u1_0.id,u1_0.created_at,u1_0.email,u1_0.last_verified_at,u1_0.name,u1_0.primary_phone_number,u1_0.role,u1_0.secondary_phone_number from users u1_0 where u1_0.primary_phone_number=?
Hibernate: select u1_0.id,u1_0.created_at,u1_0.email,u1_0.last_verified_at,u1_0.name,u1_0.primary_phone_number,u1_0.role,u1_0.secondary_phone_number from users u1_0 where u1_0.primary_phone_number=?
Hibernate: update users set created_at=?,email=?,last_verified_at=?,name=?,primary_phone_number=?,role=?,secondary_phone_number=? where id=?
Hibernate: select u1_0.id,u1_0.created_at,u1_0.email,u1_0.last_verified_at,u1_0.name,u1_0.primary_phone_number,u1_0.role,u1_0.secondary_phone_number from users u1_0 where u1_0.primary_phone_number=?
Hibernate: select u1_0.id,u1_0.created_at,u1_0.email,u1_0.last_verified_at,u1_0.name,u1_0.primary_phone_number,u1_0.role,u1_0.secondary_phone_number from users u1_0 where u1_0.primary_phone_number=?
Hibernate: select a1_0.id,a1_0.city,a1_0.created_at,a1_0.full_address,a1_0.is_default,a1_0.pincode,a1_0.state,a1_0.user_id from addresses a1_0 where a1_0.user_id=? order by a1_0.is_default desc,a1_0.created_at desc
Hibernate: select u1_0.id,u1_0.created_at,u1_0.email,u1_0.last_verified_at,u1_0.name,u1_0.primary_phone_number,u1_0.role,u1_0.secondary_phone_number from users u1_0 where u1_0.primary_phone_number=?
Hibernate: update users set created_at=?,email=?,last_verified_at=?,name=?,primary_phone_number=?,role=?,secondary_phone_number=? where id=?
Hibernate: select u1_0.id,u1_0.created_at,u1_0.email,u1_0.last_verified_at,u1_0.name,u1_0.primary_phone_number,u1_0.role,u1_0.secondary_phone_number from users u1_0 where u1_0.primary_phone_number=?
Hibernate: select u1_0.id,u1_0.created_at,u1_0.email,u1_0.last_verified_at,u1_0.name,u1_0.primary_phone_number,u1_0.role,u1_0.secondary_phone_number from users u1_0 where u1_0.primary_phone_number=?
Hibernate: update users set created_at=?,email=?,last_verified_at=?,name=?,primary_phone_number=?,role=?,secondary_phone_number=? where id=?
Hibernate: select u1_0.id,u1_0.created_at,u1_0.email,u1_0.last_verified_at,u1_0.name,u1_0.primary_phone_number,u1_0.role,u1_0.secondary_phone_number from users u1_0 where u1_0.primary_phone_number=?
Hibernate: update users set created_at=?,email=?,last_verified_at=?,name=?,primary_phone_number=?,role=?,secondary_phone_number=? where id=?
Hibernate: select u1_0.id,u1_0.created_at,u1_0.email,u1_0.last_verified_at,u1_0.name,u1_0.primary_phone_number,u1_0.role,u1_0.secondary_phone_number from users u1_0 where u1_0.primary_phone_number=?
Hibernate: select u1_0.id,u1_0.created_at,u1_0.email,u1_0.last_verified_at,u1_0.name,u1_0.primary_phone_number,u1_0.role,u1_0.secondary_phone_number from users u1_0 where u1_0.primary_phone_number=?
Hibernate: select a1_0.id,a1_0.city,a1_0.created_at,a1_0.full_address,a1_0.is_default,a1_0.pincode,a1_0.state,a1_0.user_id from addresses a1_0 where a1_0.user_id=? order by a1_0.is_default desc,a1_0.created_at desc
Hibernate: insert into addresses (city,created_at,full_address,is_default,pincode,state,user_id) values (?,?,?,?,?,?,?) returning id
Hibernate: select p1_0.id,p1_0.available_stock,p1_0.created_at,p1_0.description,p1_0.image_url,p1_0.name,p1_0.price,p1_0.unit from products p1_0 where p1_0.id in (?)
Hibernate: insert into orders (address_id,created_at,order_number,order_status,shipping_fee,subtotal,total_amount,user_id) values (?,?,?,?,?,?,?,?) returning id
Hibernate: insert into order_items (order_id,price,product_id,quantity) values (?,?,?,?) returning id
Hibernate: insert into payments (created_at,order_id,payment_details,payment_method,payment_status) values (?,?,?,?,?) returning id
Hibernate: insert into order_tracking (order_id,remarks,status,updated_at) values (?,?,?,?) returning id
Hibernate: update products set available_stock=?,created_at=?,description=?,image_url=?,name=?,price=?,unit=? where id=?
Hibernate: select p1_0.id,p1_0.available_stock,p1_0.created_at,p1_0.description,p1_0.image_url,p1_0.name,p1_0.price,p1_0.unit from products p1_0 order by p1_0.id
Hibernate: select p1_0.id,p1_0.available_stock,p1_0.created_at,p1_0.description,p1_0.image_url,p1_0.name,p1_0.price,p1_0.unit from products p1_0 order by p1_0.id
Hibernate: select p1_0.id,p1_0.available_stock,p1_0.created_at,p1_0.description,p1_0.image_url,p1_0.name,p1_0.price,p1_0.unit from products p1_0 order by p1_0.id
Hibernate: select p1_0.id,p1_0.available_stock,p1_0.created_at,p1_0.description,p1_0.image_url,p1_0.name,p1_0.price,p1_0.unit from products p1_0 order by p1_0.id
Hibernate: select p1_0.id,p1_0.available_stock,p1_0.created_at,p1_0.description,p1_0.image_url,p1_0.name,p1_0.price,p1_0.unit from products p1_0 order by p1_0.id
Hibernate: select p1_0.id,p1_0.available_stock,p1_0.created_at,p1_0.description,p1_0.image_url,p1_0.name,p1_0.price,p1_0.unit from products p1_0 order by p1_0.id
Hibernate: select p1_0.id,p1_0.available_stock,p1_0.created_at,p1_0.description,p1_0.image_url,p1_0.name,p1_0.price,p1_0.unit from products p1_0 order by p1_0.id
Hibernate: select p1_0.id,p1_0.available_stock,p1_0.created_at,p1_0.description,p1_0.image_url,p1_0.name,p1_0.price,p1_0.unit from products p1_0 order by p1_0.id
Hibernate: select p1_0.id,p1_0.available_stock,p1_0.created_at,p1_0.description,p1_0.image_url,p1_0.name,p1_0.price,p1_0.unit from products p1_0 order by p1_0.id
Hibernate: select p1_0.id,p1_0.available_stock,p1_0.created_at,p1_0.description,p1_0.image_url,p1_0.name,p1_0.price,p1_0.unit from products p1_0 order by p1_0.id
Hibernate: select p1_0.id,p1_0.available_stock,p1_0.created_at,p1_0.description,p1_0.image_url,p1_0.name,p1_0.price,p1_0.unit from products p1_0 order by p1_0.id
Hibernate: select p1_0.id,p1_0.available_stock,p1_0.created_at,p1_0.description,p1_0.image_url,p1_0.name,p1_0.price,p1_0.unit from products p1_0 order by p1_0.id
Hibernate: select p1_0.id,p1_0.available_stock,p1_0.created_at,p1_0.description,p1_0.image_url,p1_0.name,p1_0.price,p1_0.unit from products p1_0 order by p1_0.id
Hibernate: select p1_0.id,p1_0.available_stock,p1_0.created_at,p1_0.description,p1_0.image_url,p1_0.name,p1_0.price,p1_0.unit from products p1_0 order by p1_0.id
Hibernate: select p1_0.id,p1_0.available_stock,p1_0.created_at,p1_0.description,p1_0.image_url,p1_0.name,p1_0.price,p1_0.unit from products p1_0 order by p1_0.id
Hibernate: select p1_0.id,p1_0.available_stock,p1_0.created_at,p1_0.description,p1_0.image_url,p1_0.name,p1_0.price,p1_0.unit from products p1_0 order by p1_0.id
Hibernate: select u1_0.id,u1_0.created_at,u1_0.email,u1_0.last_verified_at,u1_0.name,u1_0.primary_phone_number,u1_0.role,u1_0.secondary_phone_number from users u1_0 where u1_0.primary_phone_number=?
Hibernate: update users set created_at=?,email=?,last_verified_at=?,name=?,primary_phone_number=?,role=?,secondary_phone_number=? where id=?
Hibernate: select u1_0.id,u1_0.created_at,u1_0.email,u1_0.last_verified_at,u1_0.name,u1_0.primary_phone_number,u1_0.role,u1_0.secondary_phone_number from users u1_0 where u1_0.primary_phone_number=?
Hibernate: select u1_0.id,u1_0.created_at,u1_0.email,u1_0.last_verified_at,u1_0.name,u1_0.primary_phone_number,u1_0.role,u1_0.secondary_phone_number from users u1_0 where u1_0.primary_phone_number=?
Hibernate: select u1_0.id,u1_0.created_at,u1_0.email,u1_0.last_verified_at,u1_0.name,u1_0.primary_phone_number,u1_0.role,u1_0.secondary_phone_number from users u1_0 where u1_0.primary_phone_number=?
Hibernate: select u1_0.id,u1_0.created_at,u1_0.email,u1_0.last_verified_at,u1_0.name,u1_0.primary_phone_number,u1_0.role,u1_0.secondary_phone_number from users u1_0 where u1_0.primary_phone_number=?
Hibernate: select a1_0.id,a1_0.city,a1_0.created_at,a1_0.full_address,a1_0.is_default,a1_0.pincode,a1_0.state,a1_0.user_id from addresses a1_0 where a1_0.user_id=? order by a1_0.is_default desc,a1_0.created_at desc
Hibernate: select u1_0.id,u1_0.created_at,u1_0.email,u1_0.last_verified_at,u1_0.name,u1_0.primary_phone_number,u1_0.role,u1_0.secondary_phone_number from users u1_0 where u1_0.primary_phone_number=?
Hibernate: select u1_0.id,u1_0.created_at,u1_0.email,u1_0.last_verified_at,u1_0.name,u1_0.primary_phone_number,u1_0.role,u1_0.secondary_phone_number from users u1_0 where u1_0.primary_phone_number=?
Hibernate: select a1_0.id,a1_0.city,a1_0.created_at,a1_0.full_address,a1_0.is_default,a1_0.pincode,a1_0.state,a1_0.user_id from addresses a1_0 where a1_0.user_id=? order by a1_0.is_default desc,a1_0.created_at desc
Hibernate: select o1_0.id,o1_0.address_id,o1_0.created_at,o1_0.order_number,o1_0.order_status,o1_0.shipping_fee,o1_0.subtotal,o1_0.total_amount,o1_0.user_id from orders o1_0 where o1_0.user_id=? order by o1_0.created_at desc
Hibernate: select p1_0.id,p1_0.created_at,p1_0.order_id,p1_0.payment_details,p1_0.payment_method,p1_0.payment_status from payments p1_0 where p1_0.order_id=?
Hibernate: select i1_0.order_id,i1_0.id,i1_0.price,i1_0.product_id,i1_0.quantity from order_items i1_0 where i1_0.order_id=?
Hibernate: select p1_0.id,p1_0.available_stock,p1_0.created_at,p1_0.description,p1_0.image_url,p1_0.name,p1_0.price,p1_0.unit from products p1_0 where p1_0.id=?
Hibernate: select a1_0.id,a1_0.city,a1_0.created_at,a1_0.full_address,a1_0.is_default,a1_0.pincode,a1_0.state,a1_0.user_id from addresses a1_0 where a1_0.id=?
Hibernate: select u1_0.id,u1_0.created_at,u1_0.email,u1_0.last_verified_at,u1_0.name,u1_0.primary_phone_number,u1_0.role,u1_0.secondary_phone_number from users u1_0 where u1_0.primary_phone_number=?
Hibernate: select p1_0.id,p1_0.available_stock,p1_0.created_at,p1_0.description,p1_0.image_url,p1_0.name,p1_0.price,p1_0.unit from products p1_0 order by p1_0.id
Hibernate: select p1_0.id,p1_0.available_stock,p1_0.created_at,p1_0.description,p1_0.image_url,p1_0.name,p1_0.price,p1_0.unit from products p1_0 order by p1_0.id
Hibernate: select p1_0.id,p1_0.available_stock,p1_0.created_at,p1_0.description,p1_0.image_url,p1_0.name,p1_0.price,p1_0.unit from products p1_0 order by p1_0.id
Hibernate: select p1_0.id,p1_0.available_stock,p1_0.created_at,p1_0.description,p1_0.image_url,p1_0.name,p1_0.price,p1_0.unit from products p1_0 order by p1_0.id
Hibernate: select p1_0.id,p1_0.available_stock,p1_0.created_at,p1_0.description,p1_0.image_url,p1_0.name,p1_0.price,p1_0.unit from products p1_0 order by p1_0.id
Hibernate: select p1_0.id,p1_0.available_stock,p1_0.created_at,p1_0.description,p1_0.image_url,p1_0.name,p1_0.price,p1_0.unit from products p1_0 order by p1_0.id
Hibernate: select p1_0.id,p1_0.available_stock,p1_0.created_at,p1_0.description,p1_0.image_url,p1_0.name,p1_0.price,p1_0.unit from products p1_0 order by p1_0.id
Hibernate: select p1_0.id,p1_0.available_stock,p1_0.created_at,p1_0.description,p1_0.image_url,p1_0.name,p1_0.price,p1_0.unit from products p1_0 order by p1_0.id
Hibernate: select p1_0.id,p1_0.available_stock,p1_0.created_at,p1_0.description,p1_0.image_url,p1_0.name,p1_0.price,p1_0.unit from products p1_0 order by p1_0.id
Hibernate: select p1_0.id,p1_0.available_stock,p1_0.created_at,p1_0.description,p1_0.image_url,p1_0.name,p1_0.price,p1_0.unit from products p1_0 order by p1_0.id
Hibernate: select p1_0.id,p1_0.available_stock,p1_0.created_at,p1_0.description,p1_0.image_url,p1_0.name,p1_0.price,p1_0.unit from products p1_0 order by p1_0.id
Hibernate: select p1_0.id,p1_0.available_stock,p1_0.created_at,p1_0.description,p1_0.image_url,p1_0.name,p1_0.price,p1_0.unit from products p1_0 order by p1_0.id
Hibernate: select p1_0.id,p1_0.available_stock,p1_0.created_at,p1_0.description,p1_0.image_url,p1_0.name,p1_0.price,p1_0.unit from products p1_0 order by p1_0.id
Hibernate: select p1_0.id,p1_0.available_stock,p1_0.created_at,p1_0.description,p1_0.image_url,p1_0.name,p1_0.price,p1_0.unit from products p1_0 order by p1_0.id
2026-04-05T13:40:43.921+05:30  WARN 6368 --- [sritha-oils-backend] [l-1 housekeeper] com.zaxxer.hikari.pool.HikariPool        : HikariPool-1 - Thread starvation or clock leap detected (housekeeper delta=20h49m36s116ms640盜500ns).
Hibernate: select p1_0.id,p1_0.available_stock,p1_0.created_at,p1_0.description,p1_0.image_url,p1_0.name,p1_0.price,p1_0.unit from products p1_0 order by p1_0.id
Hibernate: select p1_0.id,p1_0.available_stock,p1_0.created_at,p1_0.description,p1_0.image_url,p1_0.name,p1_0.price,p1_0.unit from products p1_0 order by p1_0.id
Hibernate: select u1_0.id,u1_0.created_at,u1_0.email,u1_0.last_verified_at,u1_0.name,u1_0.primary_phone_number,u1_0.role,u1_0.secondary_phone_number from users u1_0 where u1_0.primary_phone_number=?
Hibernate: update users set created_at=?,email=?,last_verified_at=?,name=?,primary_phone_number=?,role=?,secondary_phone_number=? where id=?
Hibernate: select u1_0.id,u1_0.created_at,u1_0.email,u1_0.last_verified_at,u1_0.name,u1_0.primary_phone_number,u1_0.role,u1_0.secondary_phone_number from users u1_0 where u1_0.primary_phone_number=?
Hibernate: select u1_0.id,u1_0.created_at,u1_0.email,u1_0.last_verified_at,u1_0.name,u1_0.primary_phone_number,u1_0.role,u1_0.secondary_phone_number from users u1_0 where u1_0.primary_phone_number=?
Hibernate: select u1_0.id,u1_0.created_at,u1_0.email,u1_0.last_verified_at,u1_0.name,u1_0.primary_phone_number,u1_0.role,u1_0.secondary_phone_number from users u1_0 where u1_0.primary_phone_number=?
Hibernate: select u1_0.id,u1_0.created_at,u1_0.email,u1_0.last_verified_at,u1_0.name,u1_0.primary_phone_number,u1_0.role,u1_0.secondary_phone_number from users u1_0 where u1_0.primary_phone_number=?
Hibernate: select u1_0.id,u1_0.created_at,u1_0.email,u1_0.last_verified_at,u1_0.name,u1_0.primary_phone_number,u1_0.role,u1_0.secondary_phone_number from users u1_0 where u1_0.primary_phone_number=?
Hibernate: select u1_0.id,u1_0.created_at,u1_0.email,u1_0.last_verified_at,u1_0.name,u1_0.primary_phone_number,u1_0.role,u1_0.secondary_phone_number from users u1_0 where u1_0.primary_phone_number=?
Hibernate: select a1_0.id,a1_0.city,a1_0.created_at,a1_0.full_address,a1_0.is_default,a1_0.pincode,a1_0.state,a1_0.user_id from addresses a1_0 where a1_0.user_id=? order by a1_0.is_default desc,a1_0.created_at desc
Hibernate: select a1_0.id,a1_0.city,a1_0.created_at,a1_0.full_address,a1_0.is_default,a1_0.pincode,a1_0.state,a1_0.user_id from addresses a1_0 where a1_0.user_id=? order by a1_0.is_default desc,a1_0.created_at desc
Hibernate: select o1_0.id,o1_0.address_id,o1_0.created_at,o1_0.order_number,o1_0.order_status,o1_0.shipping_fee,o1_0.subtotal,o1_0.total_amount,o1_0.user_id from orders o1_0 where o1_0.user_id=? order by o1_0.created_at desc
Hibernate: select p1_0.id,p1_0.created_at,p1_0.order_id,p1_0.payment_details,p1_0.payment_method,p1_0.payment_status from payments p1_0 where p1_0.order_id=?
Hibernate: select i1_0.order_id,i1_0.id,i1_0.price,i1_0.product_id,i1_0.quantity from order_items i1_0 where i1_0.order_id=?
Hibernate: select p1_0.id,p1_0.available_stock,p1_0.created_at,p1_0.description,p1_0.image_url,p1_0.name,p1_0.price,p1_0.unit from products p1_0 where p1_0.id=?
Hibernate: select a1_0.id,a1_0.city,a1_0.created_at,a1_0.full_address,a1_0.is_default,a1_0.pincode,a1_0.state,a1_0.user_id from addresses a1_0 where a1_0.id=?
Hibernate: select p1_0.id,p1_0.available_stock,p1_0.created_at,p1_0.description,p1_0.image_url,p1_0.name,p1_0.price,p1_0.unit from products p1_0 order by p1_0.id
Hibernate: select p1_0.id,p1_0.available_stock,p1_0.created_at,p1_0.description,p1_0.image_url,p1_0.name,p1_0.price,p1_0.unit from products p1_0 order by p1_0.id
Hibernate: select p1_0.id,p1_0.available_stock,p1_0.created_at,p1_0.description,p1_0.image_url,p1_0.name,p1_0.price,p1_0.unit from products p1_0 order by p1_0.id
Hibernate: select p1_0.id,p1_0.available_stock,p1_0.created_at,p1_0.description,p1_0.image_url,p1_0.name,p1_0.price,p1_0.unit from products p1_0 order by p1_0.id
Hibernate: select p1_0.id,p1_0.available_stock,p1_0.created_at,p1_0.description,p1_0.image_url,p1_0.name,p1_0.price,p1_0.unit from products p1_0 order by p1_0.id
Hibernate: select p1_0.id,p1_0.available_stock,p1_0.created_at,p1_0.description,p1_0.image_url,p1_0.name,p1_0.price,p1_0.unit from products p1_0 order by p1_0.id
Hibernate: select u1_0.id,u1_0.created_at,u1_0.email,u1_0.last_verified_at,u1_0.name,u1_0.primary_phone_number,u1_0.role,u1_0.secondary_phone_number from users u1_0 where u1_0.primary_phone_number=?
Hibernate: update users set created_at=?,email=?,last_verified_at=?,name=?,primary_phone_number=?,role=?,secondary_phone_number=? where id=?
Hibernate: select u1_0.id,u1_0.created_at,u1_0.email,u1_0.last_verified_at,u1_0.name,u1_0.primary_phone_number,u1_0.role,u1_0.secondary_phone_number from users u1_0 where u1_0.primary_phone_number=?
Hibernate: select u1_0.id,u1_0.created_at,u1_0.email,u1_0.last_verified_at,u1_0.name,u1_0.primary_phone_number,u1_0.role,u1_0.secondary_phone_number from users u1_0 where u1_0.primary_phone_number=?
Hibernate: select u1_0.id,u1_0.created_at,u1_0.email,u1_0.last_verified_at,u1_0.name,u1_0.primary_phone_number,u1_0.role,u1_0.secondary_phone_number from users u1_0 where u1_0.primary_phone_number=?
Hibernate: select u1_0.id,u1_0.created_at,u1_0.email,u1_0.last_verified_at,u1_0.name,u1_0.primary_phone_number,u1_0.role,u1_0.secondary_phone_number from users u1_0 where u1_0.primary_phone_number=?
Hibernate: select u1_0.id,u1_0.created_at,u1_0.email,u1_0.last_verified_at,u1_0.name,u1_0.primary_phone_number,u1_0.role,u1_0.secondary_phone_number from users u1_0 where u1_0.primary_phone_number=?
Hibernate: select u1_0.id,u1_0.created_at,u1_0.email,u1_0.last_verified_at,u1_0.name,u1_0.primary_phone_number,u1_0.role,u1_0.secondary_phone_number from users u1_0 where u1_0.primary_phone_number=?
Hibernate: select a1_0.id,a1_0.city,a1_0.created_at,a1_0.full_address,a1_0.is_default,a1_0.pincode,a1_0.state,a1_0.user_id from addresses a1_0 where a1_0.user_id=? order by a1_0.is_default desc,a1_0.created_at desc
Hibernate: select a1_0.id,a1_0.city,a1_0.created_at,a1_0.full_address,a1_0.is_default,a1_0.pincode,a1_0.state,a1_0.user_id from addresses a1_0 where a1_0.user_id=? order by a1_0.is_default desc,a1_0.created_at desc
Hibernate: select o1_0.id,o1_0.address_id,o1_0.created_at,o1_0.order_number,o1_0.order_status,o1_0.shipping_fee,o1_0.subtotal,o1_0.total_amount,o1_0.user_id from orders o1_0 where o1_0.user_id=? order by o1_0.created_at desc
Hibernate: select p1_0.id,p1_0.created_at,p1_0.order_id,p1_0.payment_details,p1_0.payment_method,p1_0.payment_status from payments p1_0 where p1_0.order_id=?
Hibernate: select i1_0.order_id,i1_0.id,i1_0.price,i1_0.product_id,i1_0.quantity from order_items i1_0 where i1_0.order_id=?
Hibernate: select p1_0.id,p1_0.available_stock,p1_0.created_at,p1_0.description,p1_0.image_url,p1_0.name,p1_0.price,p1_0.unit from products p1_0 where p1_0.id=?
Hibernate: select a1_0.id,a1_0.city,a1_0.created_at,a1_0.full_address,a1_0.is_default,a1_0.pincode,a1_0.state,a1_0.user_id from addresses a1_0 where a1_0.id=?
Hibernate: select u1_0.id,u1_0.created_at,u1_0.email,u1_0.last_verified_at,u1_0.name,u1_0.primary_phone_number,u1_0.role,u1_0.secondary_phone_number from users u1_0 where u1_0.primary_phone_number=?
Hibernate: select u1_0.id,u1_0.created_at,u1_0.email,u1_0.last_verified_at,u1_0.name,u1_0.primary_phone_number,u1_0.role,u1_0.secondary_phone_number from users u1_0 where u1_0.primary_phone_number=?
Hibernate: select u1_0.id,u1_0.created_at,u1_0.email,u1_0.last_verified_at,u1_0.name,u1_0.primary_phone_number,u1_0.role,u1_0.secondary_phone_number from users u1_0 where u1_0.primary_phone_number=?
Hibernate: select u1_0.id,u1_0.created_at,u1_0.email,u1_0.last_verified_at,u1_0.name,u1_0.primary_phone_number,u1_0.role,u1_0.secondary_phone_number from users u1_0 where u1_0.primary_phone_number=?
Hibernate: update users set created_at=?,email=?,last_verified_at=?,name=?,primary_phone_number=?,role=?,secondary_phone_number=? where id=?
Hibernate: select u1_0.id,u1_0.created_at,u1_0.email,u1_0.last_verified_at,u1_0.name,u1_0.primary_phone_number,u1_0.role,u1_0.secondary_phone_number from users u1_0 where u1_0.primary_phone_number=?
Hibernate: select u1_0.id,u1_0.created_at,u1_0.email,u1_0.last_verified_at,u1_0.name,u1_0.primary_phone_number,u1_0.role,u1_0.secondary_phone_number from users u1_0 where u1_0.primary_phone_number=?
Hibernate: select u1_0.id,u1_0.created_at,u1_0.email,u1_0.last_verified_at,u1_0.name,u1_0.primary_phone_number,u1_0.role,u1_0.secondary_phone_number from users u1_0 where u1_0.primary_phone_number=?
Hibernate: select u1_0.id,u1_0.created_at,u1_0.email,u1_0.last_verified_at,u1_0.name,u1_0.primary_phone_number,u1_0.role,u1_0.secondary_phone_number from users u1_0 where u1_0.primary_phone_number=?
Hibernate: select u1_0.id,u1_0.created_at,u1_0.email,u1_0.last_verified_at,u1_0.name,u1_0.primary_phone_number,u1_0.role,u1_0.secondary_phone_number from users u1_0 where u1_0.primary_phone_number=?
Hibernate: select u1_0.id,u1_0.created_at,u1_0.email,u1_0.last_verified_at,u1_0.name,u1_0.primary_phone_number,u1_0.role,u1_0.secondary_phone_number from users u1_0 where u1_0.primary_phone_number=?
Hibernate: select a1_0.id,a1_0.city,a1_0.created_at,a1_0.full_address,a1_0.is_default,a1_0.pincode,a1_0.state,a1_0.user_id from addresses a1_0 where a1_0.user_id=? order by a1_0.is_default desc,a1_0.created_at desc
Hibernate: select o1_0.id,o1_0.address_id,o1_0.created_at,o1_0.order_number,o1_0.order_status,o1_0.shipping_fee,o1_0.subtotal,o1_0.total_amount,o1_0.user_id from orders o1_0 where o1_0.user_id=? order by o1_0.created_at desc
Hibernate: select a1_0.id,a1_0.city,a1_0.created_at,a1_0.full_address,a1_0.is_default,a1_0.pincode,a1_0.state,a1_0.user_id from addresses a1_0 where a1_0.user_id=? order by a1_0.is_default desc,a1_0.created_at desc
Hibernate: select p1_0.id,p1_0.created_at,p1_0.order_id,p1_0.payment_details,p1_0.payment_method,p1_0.payment_status from payments p1_0 where p1_0.order_id=?
Hibernate: select i1_0.order_id,i1_0.id,i1_0.price,i1_0.product_id,i1_0.quantity from order_items i1_0 where i1_0.order_id=?
Hibernate: select p1_0.id,p1_0.available_stock,p1_0.created_at,p1_0.description,p1_0.image_url,p1_0.name,p1_0.price,p1_0.unit from products p1_0 where p1_0.id=?
Hibernate: select a1_0.id,a1_0.city,a1_0.created_at,a1_0.full_address,a1_0.is_default,a1_0.pincode,a1_0.state,a1_0.user_id from addresses a1_0 where a1_0.id=?
Hibernate: select u1_0.id,u1_0.created_at,u1_0.email,u1_0.last_verified_at,u1_0.name,u1_0.primary_phone_number,u1_0.role,u1_0.secondary_phone_number from users u1_0 where u1_0.primary_phone_number=?
Hibernate: select u1_0.id,u1_0.created_at,u1_0.email,u1_0.last_verified_at,u1_0.name,u1_0.primary_phone_number,u1_0.role,u1_0.secondary_phone_number from users u1_0 where u1_0.primary_phone_number=?
