0 verbose cli C:\Program Files\nodejs\node.exe C:\Program Files\nodejs\node_modules\npm\bin\npm-cli.js
1 info using npm@11.11.0
2 info using node@v24.14.1
3 silly config load:file:C:\Program Files\nodejs\node_modules\npm\npmrc
4 silly config load:file:D:\Sritha Oils\frontend\.npmrc
5 silly config load:file:C:\Users\Admin\.npmrc
6 silly config load:file:D:\Sritha Oils\frontend\etc\npmrc
7 verbose title npm install react-router-dom
8 verbose argv "install" "react-router-dom" "--prefix" "D:\\Sritha Oils\\frontend" "--cache" "D:\\Sritha Oils\\.npm-cache"
9 verbose logfile logs-max:10 dir:D:\Sritha Oils\.npm-cache\_logs\2026-04-01T18_14_37_163Z-
10 verbose logfile D:\Sritha Oils\.npm-cache\_logs\2026-04-01T18_14_37_163Z-debug-0.log
11 silly logfile done cleaning log files
12 silly packumentCache heap:2348810240 maxSize:587202560 maxEntrySize:293601280
13 verbose shrinkwrap failed to load node_modules/.package-lock.json out of date, updated: node_modules
14 silly idealTree buildDeps
15 silly fetch manifest react-router-dom@*
16 silly packumentCache full:https://registry.npmjs.org/react-router-dom cache-miss
17 http fetch GET 200 https://registry.npmjs.org/react-router-dom 244ms (cache miss)
18 silly packumentCache full:https://registry.npmjs.org/react-router-dom set size:undefined disposed:false
19 silly fetch manifest react@^18.2.0
20 silly packumentCache full:https://registry.npmjs.org/react cache-miss
21 http fetch GET 200 https://registry.npmjs.org/react 149ms (cache miss)
22 silly packumentCache full:https://registry.npmjs.org/react set size:undefined disposed:false
23 silly fetch manifest react-dom@^18.2.0
24 silly packumentCache full:https://registry.npmjs.org/react-dom cache-miss
25 http fetch GET 200 https://registry.npmjs.org/react-dom 167ms (cache miss)
26 silly packumentCache full:https://registry.npmjs.org/react-dom set size:undefined disposed:false
27 silly placeDep ROOT react-router-dom@7.13.2 OK for: sritha-oils-frontend@0.0.1 want: *
28 silly fetch manifest react-router@7.13.2
29 silly packumentCache full:https://registry.npmjs.org/react-router cache-miss
30 http fetch GET 200 https://registry.npmjs.org/react-router 86ms (cache miss)
31 silly packumentCache full:https://registry.npmjs.org/react-router set size:undefined disposed:false
32 silly fetch manifest react@>=18
33 silly packumentCache full:https://registry.npmjs.org/react cache-miss
34 http cache https://registry.npmjs.org/react 43ms (cache hit)
35 silly packumentCache full:https://registry.npmjs.org/react set size:6581055 disposed:false
36 silly fetch manifest react-dom@>=18
37 silly packumentCache full:https://registry.npmjs.org/react-dom cache-miss
38 http cache https://registry.npmjs.org/react-dom 32ms (cache hit)
39 silly packumentCache full:https://registry.npmjs.org/react-dom set size:8749386 disposed:false
40 silly placeDep ROOT react-router@7.13.2 OK for: react-router-dom@7.13.2 want: 7.13.2
41 silly fetch manifest cookie@^1.0.1
42 silly packumentCache full:https://registry.npmjs.org/cookie cache-miss
43 silly fetch manifest set-cookie-parser@^2.6.0
44 silly packumentCache full:https://registry.npmjs.org/set-cookie-parser cache-miss
45 http fetch GET 200 https://registry.npmjs.org/cookie 50ms (cache miss)
46 silly packumentCache full:https://registry.npmjs.org/cookie set size:undefined disposed:false
47 http fetch GET 200 https://registry.npmjs.org/set-cookie-parser 91ms (cache miss)
48 silly packumentCache full:https://registry.npmjs.org/set-cookie-parser set size:undefined disposed:false
49 silly placeDep ROOT cookie@1.1.1 OK for: react-router@7.13.2 want: ^1.0.1
50 silly placeDep ROOT set-cookie-parser@2.7.2 OK for: react-router@7.13.2 want: ^2.6.0
51 silly reify moves {}
52 silly audit bulk request {
52 silly audit   '@babel/code-frame': [ '7.29.0' ],
52 silly audit   '@babel/compat-data': [ '7.29.0' ],
52 silly audit   '@babel/core': [ '7.29.0' ],
52 silly audit   '@babel/generator': [ '7.29.1' ],
52 silly audit   '@babel/helper-compilation-targets': [ '7.28.6' ],
52 silly audit   '@babel/helper-globals': [ '7.28.0' ],
52 silly audit   '@babel/helper-module-imports': [ '7.28.6' ],
52 silly audit   '@babel/helper-module-transforms': [ '7.28.6' ],
52 silly audit   '@babel/helper-plugin-utils': [ '7.28.6' ],
52 silly audit   '@babel/helper-string-parser': [ '7.27.1' ],
52 silly audit   '@babel/helper-validator-identifier': [ '7.28.5' ],
52 silly audit   '@babel/helper-validator-option': [ '7.27.1' ],
52 silly audit   '@babel/helpers': [ '7.29.2' ],
52 silly audit   '@babel/parser': [ '7.29.2' ],
52 silly audit   '@babel/plugin-transform-react-jsx-self': [ '7.27.1' ],
52 silly audit   '@babel/plugin-transform-react-jsx-source': [ '7.27.1' ],
52 silly audit   '@babel/template': [ '7.28.6' ],
52 silly audit   '@babel/traverse': [ '7.29.0' ],
52 silly audit   '@babel/types': [ '7.29.0' ],
52 silly audit   '@esbuild/aix-ppc64': [ '0.21.5' ],
52 silly audit   '@esbuild/android-arm': [ '0.21.5' ],
52 silly audit   '@esbuild/android-arm64': [ '0.21.5' ],
52 silly audit   '@esbuild/android-x64': [ '0.21.5' ],
52 silly audit   '@esbuild/darwin-arm64': [ '0.21.5' ],
52 silly audit   '@esbuild/darwin-x64': [ '0.21.5' ],
52 silly audit   '@esbuild/freebsd-arm64': [ '0.21.5' ],
52 silly audit   '@esbuild/freebsd-x64': [ '0.21.5' ],
52 silly audit   '@esbuild/linux-arm': [ '0.21.5' ],
52 silly audit   '@esbuild/linux-arm64': [ '0.21.5' ],
52 silly audit   '@esbuild/linux-ia32': [ '0.21.5' ],
52 silly audit   '@esbuild/linux-loong64': [ '0.21.5' ],
52 silly audit   '@esbuild/linux-mips64el': [ '0.21.5' ],
52 silly audit   '@esbuild/linux-ppc64': [ '0.21.5' ],
52 silly audit   '@esbuild/linux-riscv64': [ '0.21.5' ],
52 silly audit   '@esbuild/linux-s390x': [ '0.21.5' ],
52 silly audit   '@esbuild/linux-x64': [ '0.21.5' ],
52 silly audit   '@esbuild/netbsd-x64': [ '0.21.5' ],
52 silly audit   '@esbuild/openbsd-x64': [ '0.21.5' ],
52 silly audit   '@esbuild/sunos-x64': [ '0.21.5' ],
52 silly audit   '@esbuild/win32-arm64': [ '0.21.5' ],
52 silly audit   '@esbuild/win32-ia32': [ '0.21.5' ],
52 silly audit   '@esbuild/win32-x64': [ '0.21.5' ],
52 silly audit   '@jridgewell/gen-mapping': [ '0.3.13' ],
52 silly audit   '@jridgewell/remapping': [ '2.3.5' ],
52 silly audit   '@jridgewell/resolve-uri': [ '3.1.2' ],
52 silly audit   '@jridgewell/sourcemap-codec': [ '1.5.5' ],
52 silly audit   '@jridgewell/trace-mapping': [ '0.3.31' ],
52 silly audit   '@rolldown/pluginutils': [ '1.0.0-beta.27' ],
52 silly audit   '@rollup/rollup-android-arm-eabi': [ '4.60.1' ],
52 silly audit   '@rollup/rollup-android-arm64': [ '4.60.1' ],
52 silly audit   '@rollup/rollup-darwin-arm64': [ '4.60.1' ],
52 silly audit   '@rollup/rollup-darwin-x64': [ '4.60.1' ],
52 silly audit   '@rollup/rollup-freebsd-arm64': [ '4.60.1' ],
52 silly audit   '@rollup/rollup-freebsd-x64': [ '4.60.1' ],
52 silly audit   '@rollup/rollup-linux-arm-gnueabihf': [ '4.60.1' ],
52 silly audit   '@rollup/rollup-linux-arm-musleabihf': [ '4.60.1' ],
52 silly audit   '@rollup/rollup-linux-arm64-gnu': [ '4.60.1' ],
52 silly audit   '@rollup/rollup-linux-arm64-musl': [ '4.60.1' ],
52 silly audit   '@rollup/rollup-linux-loong64-gnu': [ '4.60.1' ],
52 silly audit   '@rollup/rollup-linux-loong64-musl': [ '4.60.1' ],
52 silly audit   '@rollup/rollup-linux-ppc64-gnu': [ '4.60.1' ],
52 silly audit   '@rollup/rollup-linux-ppc64-musl': [ '4.60.1' ],
52 silly audit   '@rollup/rollup-linux-riscv64-gnu': [ '4.60.1' ],
52 silly audit   '@rollup/rollup-linux-riscv64-musl': [ '4.60.1' ],
52 silly audit   '@rollup/rollup-linux-s390x-gnu': [ '4.60.1' ],
52 silly audit   '@rollup/rollup-linux-x64-gnu': [ '4.60.1' ],
52 silly audit   '@rollup/rollup-linux-x64-musl': [ '4.60.1' ],
52 silly audit   '@rollup/rollup-openbsd-x64': [ '4.60.1' ],
52 silly audit   '@rollup/rollup-openharmony-arm64': [ '4.60.1' ],
52 silly audit   '@rollup/rollup-win32-arm64-msvc': [ '4.60.1' ],
52 silly audit   '@rollup/rollup-win32-ia32-msvc': [ '4.60.1' ],
52 silly audit   '@rollup/rollup-win32-x64-gnu': [ '4.60.1' ],
52 silly audit   '@rollup/rollup-win32-x64-msvc': [ '4.60.1' ],
52 silly audit   '@types/babel__core': [ '7.20.5' ],
52 silly audit   '@types/babel__generator': [ '7.27.0' ],
52 silly audit   '@types/babel__template': [ '7.4.4' ],
52 silly audit   '@types/babel__traverse': [ '7.28.0' ],
52 silly audit   '@types/estree': [ '1.0.8' ],
52 silly audit   '@vitejs/plugin-react': [ '4.7.0' ],
52 silly audit   'baseline-browser-mapping': [ '2.10.13' ],
52 silly audit   browserslist: [ '4.28.2' ],
52 silly audit   'caniuse-lite': [ '1.0.30001784' ],
52 silly audit   'convert-source-map': [ '2.0.0' ],
52 silly audit   debug: [ '4.4.3' ],
52 silly audit   'electron-to-chromium': [ '1.5.330' ],
52 silly audit   esbuild: [ '0.21.5' ],
52 silly audit   escalade: [ '3.2.0' ],
52 silly audit   fsevents: [ '2.3.3' ],
52 silly audit   gensync: [ '1.0.0-beta.2' ],
52 silly audit   'js-tokens': [ '4.0.0' ],
52 silly audit   jsesc: [ '3.1.0' ],
52 silly audit   json5: [ '2.2.3' ],
52 silly audit   'loose-envify': [ '1.4.0' ],
52 silly audit   'lru-cache': [ '5.1.1' ],
52 silly audit   ms: [ '2.1.3' ],
52 silly audit   nanoid: [ '3.3.11' ],
52 silly audit   'node-releases': [ '2.0.36' ],
52 silly audit   picocolors: [ '1.1.1' ],
52 silly audit   postcss: [ '8.5.8' ],
52 silly audit   react: [ '18.3.1' ],
52 silly audit   'react-dom': [ '18.3.1' ],
52 silly audit   'react-refresh': [ '0.17.0' ],
52 silly audit   rollup: [ '4.60.1' ],
52 silly audit   scheduler: [ '0.23.2' ],
52 silly audit   semver: [ '6.3.1' ],
52 silly audit   'source-map-js': [ '1.2.1' ],
52 silly audit   'update-browserslist-db': [ '1.2.3' ],
52 silly audit   vite: [ '5.4.21' ],
52 silly audit   yallist: [ '3.1.1' ],
52 silly audit   'react-router-dom': [ '7.13.2' ],
52 silly audit   'react-router': [ '7.13.2' ],
52 silly audit   cookie: [ '1.1.1' ],
52 silly audit   'set-cookie-parser': [ '2.7.2' ]
52 silly audit }
53 http cache set-cookie-parser@https://registry.npmjs.org/set-cookie-parser/-/set-cookie-parser-2.7.2.tgz 0ms (cache hit)
54 http cache cookie@https://registry.npmjs.org/cookie/-/cookie-1.1.1.tgz 0ms (cache hit)
55 silly tarball no local data for set-cookie-parser@https://registry.npmjs.org/set-cookie-parser/-/set-cookie-parser-2.7.2.tgz. Extracting by manifest.
56 http cache react-router@https://registry.npmjs.org/react-router/-/react-router-7.13.2.tgz 0ms (cache hit)
57 http cache react-router-dom@https://registry.npmjs.org/react-router-dom/-/react-router-dom-7.13.2.tgz 0ms (cache hit)
58 silly tarball no local data for cookie@https://registry.npmjs.org/cookie/-/cookie-1.1.1.tgz. Extracting by manifest.
59 silly tarball no local data for react-router@https://registry.npmjs.org/react-router/-/react-router-7.13.2.tgz. Extracting by manifest.
60 silly tarball no local data for react-router-dom@https://registry.npmjs.org/react-router-dom/-/react-router-dom-7.13.2.tgz. Extracting by manifest.
61 http fetch GET 200 https://registry.npmjs.org/set-cookie-parser/-/set-cookie-parser-2.7.2.tgz 97ms (cache miss)
62 http fetch GET 200 https://registry.npmjs.org/react-router-dom/-/react-router-dom-7.13.2.tgz 172ms (cache miss)
63 http fetch GET 200 https://registry.npmjs.org/cookie/-/cookie-1.1.1.tgz 191ms (cache miss)
64 http fetch POST 200 https://registry.npmjs.org/-/npm/v1/security/advisories/bulk 372ms
65 silly audit report {
65 silly audit report   esbuild: [
65 silly audit report     {
65 silly audit report       id: 1102341,
65 silly audit report       url: 'https://github.com/advisories/GHSA-67mh-4wv8-2f99',
65 silly audit report       title: 'esbuild enables any website to send any requests to the development server and read the response',
65 silly audit report       severity: 'moderate',
65 silly audit report       vulnerable_versions: '<=0.24.2',
65 silly audit report       cwe: [Array],
65 silly audit report       cvss: [Object]
65 silly audit report     }
65 silly audit report   ]
65 silly audit report }
66 silly packumentCache corgi:https://registry.npmjs.org/esbuild cache-miss
67 http fetch GET 200 https://registry.npmjs.org/esbuild 56ms (cache revalidated)
68 silly packumentCache corgi:https://registry.npmjs.org/esbuild set size:880945 disposed:false
69 silly packumentCache corgi:https://registry.npmjs.org/vite cache-miss
70 http fetch GET 200 https://registry.npmjs.org/vite 70ms (cache revalidated)
71 silly packumentCache corgi:https://registry.npmjs.org/vite set size:2208349 disposed:false
72 silly packumentCache corgi:https://registry.npmjs.org/@vitejs%2fplugin-react cache-miss
73 http fetch GET 200 https://registry.npmjs.org/react-router/-/react-router-7.13.2.tgz 833ms (cache miss)
74 http fetch GET 200 https://registry.npmjs.org/@vitejs%2fplugin-react 432ms (cache revalidated)
75 silly packumentCache corgi:https://registry.npmjs.org/@vitejs%2fplugin-react set size:112470 disposed:false
76 silly ADD node_modules/set-cookie-parser
77 silly ADD node_modules/cookie
78 silly ADD node_modules/react-router
79 silly ADD node_modules/react-router-dom
80 verbose cwd D:\Sritha Oils
81 verbose os Windows_NT 10.0.26200
82 verbose node v24.14.1
83 verbose npm  v11.11.0
84 verbose exit 0
85 info ok
