0 verbose cli D:\Sritha Oils\.tools\node-v24.14.1-win-x64\node.exe D:\Sritha Oils\.tools\node-v24.14.1-win-x64\node_modules\npm\bin\npm-cli.js
1 info using npm@11.11.0
2 info using node@v24.14.1
3 silly config load:file:D:\Sritha Oils\.tools\node-v24.14.1-win-x64\node_modules\npm\npmrc
4 silly config load:file:D:\Sritha Oils\frontend\.npmrc
5 silly config load:file:C:\Users\Admin\.npmrc
6 silly config load:file:D:\Sritha Oils\frontend\etc\npmrc
7 verbose title npm install
8 verbose argv "install" "--prefix" "D:\\Sritha Oils\\frontend" "--cache" "D:\\Sritha Oils\\.npm-cache"
9 verbose logfile logs-max:10 dir:D:\Sritha Oils\.npm-cache\_logs\2026-04-01T18_01_37_472Z-
10 verbose logfile D:\Sritha Oils\.npm-cache\_logs\2026-04-01T18_01_37_472Z-debug-0.log
11 silly logfile done cleaning log files
12 silly packumentCache heap:2348810240 maxSize:587202560 maxEntrySize:293601280
13 silly idealTree buildDeps
14 silly reify moves {}
15 silly audit bulk request {
15 silly audit   '@babel/code-frame': [ '7.29.0' ],
15 silly audit   '@babel/compat-data': [ '7.29.0' ],
15 silly audit   '@babel/core': [ '7.29.0' ],
15 silly audit   '@babel/generator': [ '7.29.1' ],
15 silly audit   '@babel/helper-compilation-targets': [ '7.28.6' ],
15 silly audit   '@babel/helper-globals': [ '7.28.0' ],
15 silly audit   '@babel/helper-module-imports': [ '7.28.6' ],
15 silly audit   '@babel/helper-module-transforms': [ '7.28.6' ],
15 silly audit   '@babel/helper-plugin-utils': [ '7.28.6' ],
15 silly audit   '@babel/helper-string-parser': [ '7.27.1' ],
15 silly audit   '@babel/helper-validator-identifier': [ '7.28.5' ],
15 silly audit   '@babel/helper-validator-option': [ '7.27.1' ],
15 silly audit   '@babel/helpers': [ '7.29.2' ],
15 silly audit   '@babel/parser': [ '7.29.2' ],
15 silly audit   '@babel/plugin-transform-react-jsx-self': [ '7.27.1' ],
15 silly audit   '@babel/plugin-transform-react-jsx-source': [ '7.27.1' ],
15 silly audit   '@babel/template': [ '7.28.6' ],
15 silly audit   '@babel/traverse': [ '7.29.0' ],
15 silly audit   '@babel/types': [ '7.29.0' ],
15 silly audit   '@esbuild/aix-ppc64': [ '0.21.5' ],
15 silly audit   '@esbuild/android-arm': [ '0.21.5' ],
15 silly audit   '@esbuild/android-arm64': [ '0.21.5' ],
15 silly audit   '@esbuild/android-x64': [ '0.21.5' ],
15 silly audit   '@esbuild/darwin-arm64': [ '0.21.5' ],
15 silly audit   '@esbuild/darwin-x64': [ '0.21.5' ],
15 silly audit   '@esbuild/freebsd-arm64': [ '0.21.5' ],
15 silly audit   '@esbuild/freebsd-x64': [ '0.21.5' ],
15 silly audit   '@esbuild/linux-arm': [ '0.21.5' ],
15 silly audit   '@esbuild/linux-arm64': [ '0.21.5' ],
15 silly audit   '@esbuild/linux-ia32': [ '0.21.5' ],
15 silly audit   '@esbuild/linux-loong64': [ '0.21.5' ],
15 silly audit   '@esbuild/linux-mips64el': [ '0.21.5' ],
15 silly audit   '@esbuild/linux-ppc64': [ '0.21.5' ],
15 silly audit   '@esbuild/linux-riscv64': [ '0.21.5' ],
15 silly audit   '@esbuild/linux-s390x': [ '0.21.5' ],
15 silly audit   '@esbuild/linux-x64': [ '0.21.5' ],
15 silly audit   '@esbuild/netbsd-x64': [ '0.21.5' ],
15 silly audit   '@esbuild/openbsd-x64': [ '0.21.5' ],
15 silly audit   '@esbuild/sunos-x64': [ '0.21.5' ],
15 silly audit   '@esbuild/win32-arm64': [ '0.21.5' ],
15 silly audit   '@esbuild/win32-ia32': [ '0.21.5' ],
15 silly audit   '@esbuild/win32-x64': [ '0.21.5' ],
15 silly audit   '@jridgewell/gen-mapping': [ '0.3.13' ],
15 silly audit   '@jridgewell/remapping': [ '2.3.5' ],
15 silly audit   '@jridgewell/resolve-uri': [ '3.1.2' ],
15 silly audit   '@jridgewell/sourcemap-codec': [ '1.5.5' ],
15 silly audit   '@jridgewell/trace-mapping': [ '0.3.31' ],
15 silly audit   '@rolldown/pluginutils': [ '1.0.0-beta.27' ],
15 silly audit   '@rollup/rollup-android-arm-eabi': [ '4.60.1' ],
15 silly audit   '@rollup/rollup-android-arm64': [ '4.60.1' ],
15 silly audit   '@rollup/rollup-darwin-arm64': [ '4.60.1' ],
15 silly audit   '@rollup/rollup-darwin-x64': [ '4.60.1' ],
15 silly audit   '@rollup/rollup-freebsd-arm64': [ '4.60.1' ],
15 silly audit   '@rollup/rollup-freebsd-x64': [ '4.60.1' ],
15 silly audit   '@rollup/rollup-linux-arm-gnueabihf': [ '4.60.1' ],
15 silly audit   '@rollup/rollup-linux-arm-musleabihf': [ '4.60.1' ],
15 silly audit   '@rollup/rollup-linux-arm64-gnu': [ '4.60.1' ],
15 silly audit   '@rollup/rollup-linux-arm64-musl': [ '4.60.1' ],
15 silly audit   '@rollup/rollup-linux-loong64-gnu': [ '4.60.1' ],
15 silly audit   '@rollup/rollup-linux-loong64-musl': [ '4.60.1' ],
15 silly audit   '@rollup/rollup-linux-ppc64-gnu': [ '4.60.1' ],
15 silly audit   '@rollup/rollup-linux-ppc64-musl': [ '4.60.1' ],
15 silly audit   '@rollup/rollup-linux-riscv64-gnu': [ '4.60.1' ],
15 silly audit   '@rollup/rollup-linux-riscv64-musl': [ '4.60.1' ],
15 silly audit   '@rollup/rollup-linux-s390x-gnu': [ '4.60.1' ],
15 silly audit   '@rollup/rollup-linux-x64-gnu': [ '4.60.1' ],
15 silly audit   '@rollup/rollup-linux-x64-musl': [ '4.60.1' ],
15 silly audit   '@rollup/rollup-openbsd-x64': [ '4.60.1' ],
15 silly audit   '@rollup/rollup-openharmony-arm64': [ '4.60.1' ],
15 silly audit   '@rollup/rollup-win32-arm64-msvc': [ '4.60.1' ],
15 silly audit   '@rollup/rollup-win32-ia32-msvc': [ '4.60.1' ],
15 silly audit   '@rollup/rollup-win32-x64-gnu': [ '4.60.1' ],
15 silly audit   '@rollup/rollup-win32-x64-msvc': [ '4.60.1' ],
15 silly audit   '@types/babel__core': [ '7.20.5' ],
15 silly audit   '@types/babel__generator': [ '7.27.0' ],
15 silly audit   '@types/babel__template': [ '7.4.4' ],
15 silly audit   '@types/babel__traverse': [ '7.28.0' ],
15 silly audit   '@types/estree': [ '1.0.8' ],
15 silly audit   '@vitejs/plugin-react': [ '4.7.0' ],
15 silly audit   'baseline-browser-mapping': [ '2.10.13' ],
15 silly audit   browserslist: [ '4.28.2' ],
15 silly audit   'caniuse-lite': [ '1.0.30001784' ],
15 silly audit   'convert-source-map': [ '2.0.0' ],
15 silly audit   debug: [ '4.4.3' ],
15 silly audit   'electron-to-chromium': [ '1.5.330' ],
15 silly audit   esbuild: [ '0.21.5' ],
15 silly audit   escalade: [ '3.2.0' ],
15 silly audit   fsevents: [ '2.3.3' ],
15 silly audit   gensync: [ '1.0.0-beta.2' ],
15 silly audit   'js-tokens': [ '4.0.0' ],
15 silly audit   jsesc: [ '3.1.0' ],
15 silly audit   json5: [ '2.2.3' ],
15 silly audit   'loose-envify': [ '1.4.0' ],
15 silly audit   'lru-cache': [ '5.1.1' ],
15 silly audit   ms: [ '2.1.3' ],
15 silly audit   nanoid: [ '3.3.11' ],
15 silly audit   'node-releases': [ '2.0.36' ],
15 silly audit   picocolors: [ '1.1.1' ],
15 silly audit   postcss: [ '8.5.8' ],
15 silly audit   react: [ '18.3.1' ],
15 silly audit   'react-dom': [ '18.3.1' ],
15 silly audit   'react-refresh': [ '0.17.0' ],
15 silly audit   rollup: [ '4.60.1' ],
15 silly audit   scheduler: [ '0.23.2' ],
15 silly audit   semver: [ '6.3.1' ],
15 silly audit   'source-map-js': [ '1.2.1' ],
15 silly audit   'update-browserslist-db': [ '1.2.3' ],
15 silly audit   vite: [ '5.4.21' ],
15 silly audit   yallist: [ '3.1.1' ]
15 silly audit }
16 http cache yallist@https://registry.npmjs.org/yallist/-/yallist-3.1.1.tgz 2ms (cache hit)
17 http cache vite@https://registry.npmjs.org/vite/-/vite-5.4.21.tgz 0ms (cache hit)
18 http cache update-browserslist-db@https://registry.npmjs.org/update-browserslist-db/-/update-browserslist-db-1.2.3.tgz 0ms (cache hit)
19 http cache source-map-js@https://registry.npmjs.org/source-map-js/-/source-map-js-1.2.1.tgz 0ms (cache hit)
20 http cache scheduler@https://registry.npmjs.org/scheduler/-/scheduler-0.23.2.tgz 0ms (cache hit)
21 http cache semver@https://registry.npmjs.org/semver/-/semver-6.3.1.tgz 0ms (cache hit)
22 http cache react-dom@https://registry.npmjs.org/react-dom/-/react-dom-18.3.1.tgz 0ms (cache hit)
23 http cache rollup@https://registry.npmjs.org/rollup/-/rollup-4.60.1.tgz 0ms (cache hit)
24 http cache react@https://registry.npmjs.org/react/-/react-18.3.1.tgz 0ms (cache hit)
25 http cache react-refresh@https://registry.npmjs.org/react-refresh/-/react-refresh-0.17.0.tgz 1ms (cache hit)
26 http cache postcss@https://registry.npmjs.org/postcss/-/postcss-8.5.8.tgz 0ms (cache hit)
27 http cache picocolors@https://registry.npmjs.org/picocolors/-/picocolors-1.1.1.tgz 1ms (cache hit)
28 http cache node-releases@https://registry.npmjs.org/node-releases/-/node-releases-2.0.36.tgz 0ms (cache hit)
29 http cache nanoid@https://registry.npmjs.org/nanoid/-/nanoid-3.3.11.tgz 0ms (cache hit)
30 http cache ms@https://registry.npmjs.org/ms/-/ms-2.1.3.tgz 0ms (cache hit)
31 http cache lru-cache@https://registry.npmjs.org/lru-cache/-/lru-cache-5.1.1.tgz 0ms (cache hit)
32 http cache loose-envify@https://registry.npmjs.org/loose-envify/-/loose-envify-1.4.0.tgz 0ms (cache hit)
33 http cache jsesc@https://registry.npmjs.org/jsesc/-/jsesc-3.1.0.tgz 0ms (cache hit)
34 http cache json5@https://registry.npmjs.org/json5/-/json5-2.2.3.tgz 0ms (cache hit)
35 http cache js-tokens@https://registry.npmjs.org/js-tokens/-/js-tokens-4.0.0.tgz 0ms (cache hit)
36 http cache gensync@https://registry.npmjs.org/gensync/-/gensync-1.0.0-beta.2.tgz 0ms (cache hit)
37 http cache escalade@https://registry.npmjs.org/escalade/-/escalade-3.2.0.tgz 0ms (cache hit)
38 http cache esbuild@https://registry.npmjs.org/esbuild/-/esbuild-0.21.5.tgz 0ms (cache hit)
39 http cache electron-to-chromium@https://registry.npmjs.org/electron-to-chromium/-/electron-to-chromium-1.5.330.tgz 0ms (cache hit)
40 http cache convert-source-map@https://registry.npmjs.org/convert-source-map/-/convert-source-map-2.0.0.tgz 0ms (cache hit)
41 http cache debug@https://registry.npmjs.org/debug/-/debug-4.4.3.tgz 0ms (cache hit)
42 http cache caniuse-lite@https://registry.npmjs.org/caniuse-lite/-/caniuse-lite-1.0.30001784.tgz 0ms (cache hit)
43 http cache browserslist@https://registry.npmjs.org/browserslist/-/browserslist-4.28.2.tgz 0ms (cache hit)
44 http cache baseline-browser-mapping@https://registry.npmjs.org/baseline-browser-mapping/-/baseline-browser-mapping-2.10.13.tgz 0ms (cache hit)
45 http cache @types/estree@https://registry.npmjs.org/@types/estree/-/estree-1.0.8.tgz 0ms (cache hit)
46 http cache @vitejs/plugin-react@https://registry.npmjs.org/@vitejs/plugin-react/-/plugin-react-4.7.0.tgz 0ms (cache hit)
47 http cache @types/babel__traverse@https://registry.npmjs.org/@types/babel__traverse/-/babel__traverse-7.28.0.tgz 0ms (cache hit)
48 http cache @types/babel__template@https://registry.npmjs.org/@types/babel__template/-/babel__template-7.4.4.tgz 1ms (cache hit)
49 http cache @types/babel__core@https://registry.npmjs.org/@types/babel__core/-/babel__core-7.20.5.tgz 0ms (cache hit)
50 http cache @rollup/rollup-win32-x64-gnu@https://registry.npmjs.org/@rollup/rollup-win32-x64-gnu/-/rollup-win32-x64-gnu-4.60.1.tgz 0ms (cache hit)
51 http cache @types/babel__generator@https://registry.npmjs.org/@types/babel__generator/-/babel__generator-7.27.0.tgz 0ms (cache hit)
52 http cache @rollup/rollup-win32-x64-msvc@https://registry.npmjs.org/@rollup/rollup-win32-x64-msvc/-/rollup-win32-x64-msvc-4.60.1.tgz 0ms (cache hit)
53 http cache @rolldown/pluginutils@https://registry.npmjs.org/@rolldown/pluginutils/-/pluginutils-1.0.0-beta.27.tgz 0ms (cache hit)
54 http cache @jridgewell/trace-mapping@https://registry.npmjs.org/@jridgewell/trace-mapping/-/trace-mapping-0.3.31.tgz 0ms (cache hit)
55 http cache @jridgewell/sourcemap-codec@https://registry.npmjs.org/@jridgewell/sourcemap-codec/-/sourcemap-codec-1.5.5.tgz 0ms (cache hit)
56 http cache @jridgewell/resolve-uri@https://registry.npmjs.org/@jridgewell/resolve-uri/-/resolve-uri-3.1.2.tgz 0ms (cache hit)
57 http cache @jridgewell/gen-mapping@https://registry.npmjs.org/@jridgewell/gen-mapping/-/gen-mapping-0.3.13.tgz 1ms (cache hit)
58 http cache @jridgewell/remapping@https://registry.npmjs.org/@jridgewell/remapping/-/remapping-2.3.5.tgz 0ms (cache hit)
59 http cache @esbuild/win32-x64@https://registry.npmjs.org/@esbuild/win32-x64/-/win32-x64-0.21.5.tgz 0ms (cache hit)
60 http cache @babel/types@https://registry.npmjs.org/@babel/types/-/types-7.29.0.tgz 0ms (cache hit)
61 http cache @babel/traverse@https://registry.npmjs.org/@babel/traverse/-/traverse-7.29.0.tgz 0ms (cache hit)
62 http cache @babel/plugin-transform-react-jsx-self@https://registry.npmjs.org/@babel/plugin-transform-react-jsx-self/-/plugin-transform-react-jsx-self-7.27.1.tgz 0ms (cache hit)
63 http cache @babel/template@https://registry.npmjs.org/@babel/template/-/template-7.28.6.tgz 0ms (cache hit)
64 http cache @babel/parser@https://registry.npmjs.org/@babel/parser/-/parser-7.29.2.tgz 0ms (cache hit)
65 http cache @babel/plugin-transform-react-jsx-source@https://registry.npmjs.org/@babel/plugin-transform-react-jsx-source/-/plugin-transform-react-jsx-source-7.27.1.tgz 0ms (cache hit)
66 http cache @babel/helper-validator-option@https://registry.npmjs.org/@babel/helper-validator-option/-/helper-validator-option-7.27.1.tgz 0ms (cache hit)
67 http cache @babel/helpers@https://registry.npmjs.org/@babel/helpers/-/helpers-7.29.2.tgz 0ms (cache hit)
68 http cache @babel/helper-validator-identifier@https://registry.npmjs.org/@babel/helper-validator-identifier/-/helper-validator-identifier-7.28.5.tgz 0ms (cache hit)
69 http cache @babel/helper-string-parser@https://registry.npmjs.org/@babel/helper-string-parser/-/helper-string-parser-7.27.1.tgz 0ms (cache hit)
70 http cache @babel/helper-plugin-utils@https://registry.npmjs.org/@babel/helper-plugin-utils/-/helper-plugin-utils-7.28.6.tgz 0ms (cache hit)
71 http cache @babel/helper-module-transforms@https://registry.npmjs.org/@babel/helper-module-transforms/-/helper-module-transforms-7.28.6.tgz 0ms (cache hit)
72 http cache @babel/helper-module-imports@https://registry.npmjs.org/@babel/helper-module-imports/-/helper-module-imports-7.28.6.tgz 0ms (cache hit)
73 http cache @babel/helper-globals@https://registry.npmjs.org/@babel/helper-globals/-/helper-globals-7.28.0.tgz 0ms (cache hit)
74 http cache @babel/generator@https://registry.npmjs.org/@babel/generator/-/generator-7.29.1.tgz 0ms (cache hit)
75 http cache @babel/helper-compilation-targets@https://registry.npmjs.org/@babel/helper-compilation-targets/-/helper-compilation-targets-7.28.6.tgz 0ms (cache hit)
76 http cache @babel/core@https://registry.npmjs.org/@babel/core/-/core-7.29.0.tgz 0ms (cache hit)
77 http cache @babel/compat-data@https://registry.npmjs.org/@babel/compat-data/-/compat-data-7.29.0.tgz 0ms (cache hit)
78 http cache @babel/code-frame@https://registry.npmjs.org/@babel/code-frame/-/code-frame-7.29.0.tgz 0ms (cache hit)
79 http fetch POST 200 https://registry.npmjs.org/-/npm/v1/security/advisories/bulk 874ms
80 silly audit report {
80 silly audit report   esbuild: [
80 silly audit report     {
80 silly audit report       id: 1102341,
80 silly audit report       url: 'https://github.com/advisories/GHSA-67mh-4wv8-2f99',
80 silly audit report       title: 'esbuild enables any website to send any requests to the development server and read the response',
80 silly audit report       severity: 'moderate',
80 silly audit report       vulnerable_versions: '<=0.24.2',
80 silly audit report       cwe: [Array],
80 silly audit report       cvss: [Object]
80 silly audit report     }
80 silly audit report   ]
80 silly audit report }
81 silly packumentCache corgi:https://registry.npmjs.org/esbuild cache-miss
82 http cache https://registry.npmjs.org/esbuild 95ms (cache hit)
83 silly packumentCache corgi:https://registry.npmjs.org/esbuild set size:880945 disposed:false
84 silly packumentCache corgi:https://registry.npmjs.org/vite cache-miss
85 http cache https://registry.npmjs.org/vite 86ms (cache hit)
86 silly packumentCache corgi:https://registry.npmjs.org/vite set size:2208349 disposed:false
87 silly packumentCache corgi:https://registry.npmjs.org/@vitejs%2fplugin-react cache-miss
88 http cache https://registry.npmjs.org/@vitejs%2fplugin-react 46ms (cache hit)
89 silly packumentCache corgi:https://registry.npmjs.org/@vitejs%2fplugin-react set size:112470 disposed:false
90 info run esbuild@0.21.5 postinstall node_modules/esbuild node install.js
91 info run esbuild@0.21.5 postinstall { code: 'EPERM', signal: undefined }
92 warn cleanup Failed to remove some directories [
92 warn cleanup   [
92 warn cleanup     '\\\\?\\D:\\Sritha Oils\\frontend\\node_modules\\@babel',
92 warn cleanup     [Error: EPERM: operation not permitted, rmdir 'D:\Sritha Oils\frontend\node_modules\@babel\core\lib\transformation'] {
92 warn cleanup       errno: -4048,
92 warn cleanup       code: 'EPERM',
92 warn cleanup       syscall: 'rmdir',
92 warn cleanup       path: 'D:\\Sritha Oils\\frontend\\node_modules\\@babel\\core\\lib\\transformation'
92 warn cleanup     }
92 warn cleanup   ]
92 warn cleanup ]
93 verbose stack Error: spawn EPERM
93 verbose stack     at ChildProcess.spawn (node:internal/child_process:421:11)
93 verbose stack     at spawn (node:child_process:796:9)
93 verbose stack     at promiseSpawn (D:\Sritha Oils\.tools\node-v24.14.1-win-x64\node_modules\npm\node_modules\@npmcli\promise-spawn\lib\index.js:39:16)
93 verbose stack     at spawnWithShell (D:\Sritha Oils\.tools\node-v24.14.1-win-x64\node_modules\npm\node_modules\@npmcli\promise-spawn\lib\index.js:124:10)
93 verbose stack     at promiseSpawn (D:\Sritha Oils\.tools\node-v24.14.1-win-x64\node_modules\npm\node_modules\@npmcli\promise-spawn\lib\index.js:12:12)
93 verbose stack     at runScriptPkg (D:\Sritha Oils\.tools\node-v24.14.1-win-x64\node_modules\npm\node_modules\@npmcli\run-script\lib\run-script-pkg.js:79:13)
93 verbose stack     at runScript (D:\Sritha Oils\.tools\node-v24.14.1-win-x64\node_modules\npm\node_modules\@npmcli\run-script\lib\run-script.js:9:12)
93 verbose stack     at D:\Sritha Oils\.tools\node-v24.14.1-win-x64\node_modules\npm\node_modules\@npmcli\arborist\lib\arborist\rebuild.js:327:17
93 verbose stack     at run (D:\Sritha Oils\.tools\node-v24.14.1-win-x64\node_modules\npm\node_modules\promise-call-limit\dist\commonjs\index.js:67:22)
93 verbose stack     at D:\Sritha Oils\.tools\node-v24.14.1-win-x64\node_modules\npm\node_modules\promise-call-limit\dist\commonjs\index.js:84:9
94 error code EPERM
95 error syscall spawn
96 error errno -4048
97 error Error: spawn EPERM
97 error     at ChildProcess.spawn (node:internal/child_process:421:11)
97 error     at spawn (node:child_process:796:9)
97 error     at promiseSpawn (D:\Sritha Oils\.tools\node-v24.14.1-win-x64\node_modules\npm\node_modules\@npmcli\promise-spawn\lib\index.js:39:16)
97 error     at spawnWithShell (D:\Sritha Oils\.tools\node-v24.14.1-win-x64\node_modules\npm\node_modules\@npmcli\promise-spawn\lib\index.js:124:10)
97 error     at promiseSpawn (D:\Sritha Oils\.tools\node-v24.14.1-win-x64\node_modules\npm\node_modules\@npmcli\promise-spawn\lib\index.js:12:12)
97 error     at runScriptPkg (D:\Sritha Oils\.tools\node-v24.14.1-win-x64\node_modules\npm\node_modules\@npmcli\run-script\lib\run-script-pkg.js:79:13)
97 error     at runScript (D:\Sritha Oils\.tools\node-v24.14.1-win-x64\node_modules\npm\node_modules\@npmcli\run-script\lib\run-script.js:9:12)
97 error     at D:\Sritha Oils\.tools\node-v24.14.1-win-x64\node_modules\npm\node_modules\@npmcli\arborist\lib\arborist\rebuild.js:327:17
97 error     at run (D:\Sritha Oils\.tools\node-v24.14.1-win-x64\node_modules\npm\node_modules\promise-call-limit\dist\commonjs\index.js:67:22)
97 error     at D:\Sritha Oils\.tools\node-v24.14.1-win-x64\node_modules\npm\node_modules\promise-call-limit\dist\commonjs\index.js:84:9 {
97 error   errno: -4048,
97 error   code: 'EPERM',
97 error   syscall: 'spawn'
97 error }
98 error
98 error The operation was rejected by your operating system.
98 error It's possible that the file was already in use (by a text editor or antivirus),
98 error or that you lack permissions to access it.
98 error
98 error If you believe this might be a permissions issue, please double-check the
98 error permissions of the file and its containing directories, or try running
98 error the command again as root/Administrator.
99 silly unfinished npm timer reify 1775066499412
100 silly unfinished npm timer reify:build 1775066503545
101 silly unfinished npm timer build 1775066503546
102 silly unfinished npm timer build:deps 1775066503546
103 silly unfinished npm timer build:run:postinstall 1775066503598
104 silly unfinished npm timer build:run:postinstall:node_modules/esbuild 1775066503599
105 verbose cwd D:\Sritha Oils
106 verbose os Windows_NT 10.0.26200
107 verbose node v24.14.1
108 verbose npm  v11.11.0
109 verbose exit -4048
110 verbose code -4048
111 error A complete log of this run can be found in: D:\Sritha Oils\.npm-cache\_logs\2026-04-01T18_01_37_472Z-debug-0.log
